This is pdfTeX, Version 3.14159265-2.6-1.40.21 (MiKTeX 2.9.7300 64-bit) (preloaded format=pdflatex 2020.2.13)  28 MAR 2020 15:56
entering extended mode
**./thesis.tex
(thesis.tex
LaTeX2e <2020-02-02>
L3 programming layer <2020-01-31> (rgseThesis.cls
Document Class: rgseThesis 2019/09/04 v2.0 Dokumentenklasse fuer Abschlussarbei
ten der AG Softwaretechnik
("C:\Users\stefa\AppData\Local\Programs\MiKTeX 2.9\tex/latex/base\ifthen.sty"
Package: ifthen 2014/09/29 v1.1c Standard LaTeX ifthen package (DPC)
)
("C:\Users\stefa\AppData\Local\Programs\MiKTeX 2.9\tex/latex/base\report.cls"
Document Class: report 2019/12/20 v1.4l Standard LaTeX document class
("C:\Users\stefa\AppData\Local\Programs\MiKTeX 2.9\tex/latex/base\size11.clo"
File: size11.clo 2019/12/20 v1.4l Standard LaTeX file (size option)
)
\c@part=\count167
\c@chapter=\count168
\c@section=\count169
\c@subsection=\count170
\c@subsubsection=\count171
\c@paragraph=\count172
\c@subparagraph=\count173
\c@figure=\count174
\c@table=\count175
\abovecaptionskip=\skip47
\belowcaptionskip=\skip48
\bibindent=\dimen134
)
("C:\Users\stefa\AppData\Local\Programs\MiKTeX 2.9\tex/latex/geometry\geometry.
sty"
Package: geometry 2020/01/02 v5.9 Page Geometry

("C:\Users\stefa\AppData\Local\Programs\MiKTeX 2.9\tex/latex/graphics\keyval.st
y"
Package: keyval 2014/10/28 v1.15 key=value parser (DPC)
\KV@toks@=\toks14
)
("C:\Users\stefa\AppData\Local\Programs\MiKTeX 2.9\tex/generic/iftex\ifvtex.sty
"
Package: ifvtex 2019/10/25 v1.7 ifvtex legacy package. Use iftex instead.
 ("C:\Users\stefa\AppData\Local\Programs\MiKTeX 2.9\tex/generic/iftex\iftex.sty
"
Package: iftex 2019/11/07 v1.0c TeX engine tests
))
\Gm@cnth=\count176
\Gm@cntv=\count177
\c@Gm@tempcnt=\count178
\Gm@bindingoffset=\dimen135
\Gm@wd@mp=\dimen136
\Gm@odd@mp=\dimen137
\Gm@even@mp=\dimen138
\Gm@layoutwidth=\dimen139
\Gm@layoutheight=\dimen140
\Gm@layouthoffset=\dimen141
\Gm@layoutvoffset=\dimen142
\Gm@dimlist=\toks15

("C:\Users\stefa\AppData\Local\Programs\MiKTeX 2.9\tex/latex/geometry\geometry.
cfg"))
("C:\Users\stefa\AppData\Local\Programs\MiKTeX 2.9\tex/generic/babel\babel.sty"
Package: babel 2020/02/03 3.39 The Babel package
("C:\Users\stefa\AppData\Local\Programs\MiKTeX 2.9\tex/generic/babel\switch.def
"
File: switch.def 2020/02/03 3.39 Babel switching mechanism
)
*************************************
* Local config file bblopts.cfg used
*
("C:\Users\stefa\AppData\Local\Programs\MiKTeX 2.9\tex/latex/arabi\bblopts.cfg"
File: bblopts.cfg 2005/09/08 v0.1 add Arabic and Farsi to "declared" options of
 babel
)
("C:\Users\stefa\AppData\Local\Programs\MiKTeX 2.9\tex/latex/babel-english\engl
ish.ldf"
Language: english 2017/06/06 v3.3r English support from the babel system

("C:\Users\stefa\AppData\Local\Programs\MiKTeX 2.9\tex/generic/babel\babel.def"
File: babel.def 2020/02/03 3.39 Babel common definitions
\babel@savecnt=\count179
\U@D=\dimen143

("C:\Users\stefa\AppData\Local\Programs\MiKTeX 2.9\tex/generic/babel\txtbabel.d
ef")
\bbl@readstream=\read2
\bbl@dirlevel=\count180
)
Package babel Info: \l@canadian = using hyphenrules for english
(babel)             (\language0) on input line 102.
Package babel Info: \l@australian = using hyphenrules for ukenglish
(babel)             (\language72) on input line 105.
Package babel Info: \l@newzealand = using hyphenrules for ukenglish
(babel)             (\language72) on input line 108.
)
("C:\Users\stefa\AppData\Local\Programs\MiKTeX 2.9\tex/latex/babel-german\ngerm
an.ldf"
Language: ngerman 2018/12/08 v2.11 German support for babel (post-1996 orthogra
phy)

("C:\Users\stefa\AppData\Local\Programs\MiKTeX 2.9\tex/latex/babel-german\ngerm
anb.ldf"
Language: ngermanb 2018/12/08 v2.11 German support for babel (post-1996 orthogr
aphy)
Package babel Info: Making " an active character on input line 121.
)))
("C:\Users\stefa\AppData\Local\Programs\MiKTeX 2.9\tex/generic/oberdiek\iflang.
sty"
Package: iflang 2018/01/21 v1.7 Checks for the current language (HO)

("C:\Users\stefa\AppData\Local\Programs\MiKTeX 2.9\tex/generic/infwarerr\infwar
err.sty"
Package: infwarerr 2019/12/03 v1.5 Providing info/warning/error messages (HO)
)
("C:\Users\stefa\AppData\Local\Programs\MiKTeX 2.9\tex/latex/pdftexcmds\pdftexc
mds.sty"
Package: pdftexcmds 2019/11/24 v0.31 Utility functions of pdfTeX for LuaTeX (HO
)

("C:\Users\stefa\AppData\Local\Programs\MiKTeX 2.9\tex/generic/ltxcmds\ltxcmds.
sty"
Package: ltxcmds 2019/12/15 v1.24 LaTeX kernel commands for general use (HO)
)
Package pdftexcmds Info: \pdf@primitive is available.
Package pdftexcmds Info: \pdf@ifprimitive is available.
Package pdftexcmds Info: \pdfdraftmode found.
)
Package iflang Info: Naming convention for patterns: babel.
)
("C:\Users\stefa\AppData\Local\Programs\MiKTeX 2.9\tex/latex/base\inputenc.sty"
Package: inputenc 2018/08/11 v1.3c Input encoding file
\inpenc@prehook=\toks16
\inpenc@posthook=\toks17
) ("C:\Users\stefa\AppData\Local\Programs\MiKTeX 2.9\tex/latex/base\fontenc.sty
"
Package: fontenc 2020/01/25 v2.0m Standard LaTeX package
)
("C:\Users\stefa\AppData\Local\Programs\MiKTeX 2.9\tex/latex/csquotes\csquotes.
sty"
Package: csquotes 2019-12-06 v5.2j context-sensitive quotations (JAW)

("C:\Users\stefa\AppData\Local\Programs\MiKTeX 2.9\tex/latex/etoolbox\etoolbox.
sty"
Package: etoolbox 2019/09/21 v2.5h e-TeX tools for LaTeX (JAW)
\etb@tempcnta=\count181
)
\csq@reset=\count182
\csq@gtype=\count183
\csq@glevel=\count184
\csq@qlevel=\count185
\csq@maxlvl=\count186
\csq@tshold=\count187
\csq@ltx@everypar=\toks18

("C:\Users\stefa\AppData\Local\Programs\MiKTeX 2.9\tex/latex/csquotes\csquotes.
def"
File: csquotes.def 2019-12-06 v5.2j csquotes generic definitions (JAW)
)
Package csquotes Info: Trying to load configuration file 'csquotes.cfg'...
Package csquotes Info: ... configuration file loaded successfully.

("C:\Users\stefa\AppData\Local\Programs\MiKTeX 2.9\tex/latex/csquotes\csquotes.
cfg"
File: csquotes.cfg 
))
("C:\Users\stefa\AppData\Local\Programs\MiKTeX 2.9\tex/latex/adjustbox\adjustbo
x.sty"
Package: adjustbox 2019/01/04 v1.2 Adjusting TeX boxes (trim, clip, ...)

("C:\Users\stefa\AppData\Local\Programs\MiKTeX 2.9\tex/latex/xkeyval\xkeyval.st
y"
Package: xkeyval 2014/12/03 v2.7a package option processing (HA)

("C:\Users\stefa\AppData\Local\Programs\MiKTeX 2.9\tex/generic/xkeyval\xkeyval.
tex"
("C:\Users\stefa\AppData\Local\Programs\MiKTeX 2.9\tex/generic/xkeyval\xkvutils
.tex"
\XKV@toks=\toks19
\XKV@tempa@toks=\toks20
)
\XKV@depth=\count188
File: xkeyval.tex 2014/12/03 v2.7a key=value parser (HA)
))
("C:\Users\stefa\AppData\Local\Programs\MiKTeX 2.9\tex/latex/adjustbox\adjcalc.
sty"
Package: adjcalc 2012/05/16 v1.1 Provides advanced setlength with multiple back
-ends (calc, etex, pgfmath)
)
("C:\Users\stefa\AppData\Local\Programs\MiKTeX 2.9\tex/latex/adjustbox\trimclip
.sty"
Package: trimclip 2018/04/08 v1.1 Trim and clip general TeX material

("C:\Users\stefa\AppData\Local\Programs\MiKTeX 2.9\tex/latex/graphics\graphicx.
sty"
Package: graphicx 2019/11/30 v1.2a Enhanced LaTeX Graphics (DPC,SPQR)

("C:\Users\stefa\AppData\Local\Programs\MiKTeX 2.9\tex/latex/graphics\graphics.
sty"
Package: graphics 2019/11/30 v1.4a Standard LaTeX Graphics (DPC,SPQR)

("C:\Users\stefa\AppData\Local\Programs\MiKTeX 2.9\tex/latex/graphics\trig.sty"
Package: trig 2016/01/03 v1.10 sin cos tan (DPC)
)
("C:\Users\stefa\AppData\Local\Programs\MiKTeX 2.9\tex/latex/graphics-cfg\graph
ics.cfg"
File: graphics.cfg 2016/06/04 v1.11 sample graphics configuration
)
Package graphics Info: Driver file: pdftex.def on input line 105.

("C:\Users\stefa\AppData\Local\Programs\MiKTeX 2.9\tex/latex/graphics-def\pdfte
x.def"
File: pdftex.def 2018/01/08 v1.0l Graphics/color driver for pdftex
))
\Gin@req@height=\dimen144
\Gin@req@width=\dimen145
)
("C:\Users\stefa\AppData\Local\Programs\MiKTeX 2.9\tex/latex/collectbox\collect
box.sty"
Package: collectbox 2012/05/17 v0.4b Collect macro arguments as boxes
\collectedbox=\box45
)
\tc@llx=\dimen146
\tc@lly=\dimen147
\tc@urx=\dimen148
\tc@ury=\dimen149
Package trimclip Info: Using driver 'tc-pdftex.def'.

("C:\Users\stefa\AppData\Local\Programs\MiKTeX 2.9\tex/latex/adjustbox\tc-pdfte
x.def"
File: tc-pdftex.def 2019/01/04 v2.2 Clipping driver for pdftex
))
\adjbox@Width=\dimen150
\adjbox@Height=\dimen151
\adjbox@Depth=\dimen152
\adjbox@Totalheight=\dimen153
\adjbox@pwidth=\dimen154
\adjbox@pheight=\dimen155
\adjbox@pdepth=\dimen156
\adjbox@ptotalheight=\dimen157

("C:\Users\stefa\AppData\Local\Programs\MiKTeX 2.9\tex/latex/ifoddpage\ifoddpag
e.sty"
Package: ifoddpage 2016/04/23 v1.1 Conditionals for odd/even page detection
\c@checkoddpage=\count189
)
("C:\Users\stefa\AppData\Local\Programs\MiKTeX 2.9\tex/latex/varwidth\varwidth.
sty"
Package: varwidth 2009/03/30 ver 0.92;  Variable-width minipages
\@vwid@box=\box46
\sift@deathcycles=\count190
\@vwid@loff=\dimen158
\@vwid@roff=\dimen159
))
("C:\Users\stefa\AppData\Local\Programs\MiKTeX 2.9\tex/latex/tools\tabularx.sty
"
Package: tabularx 2020/01/15 v2.11c `tabularx' package (DPC)
 ("C:\Users\stefa\AppData\Local\Programs\MiKTeX 2.9\tex/latex/tools\array.sty"
Package: array 2019/08/31 v2.4l Tabular extension package (FMi)
\col@sep=\dimen160
\ar@mcellbox=\box47
\extrarowheight=\dimen161
\NC@list=\toks21
\extratabsurround=\skip49
\backup@length=\skip50
\ar@cellbox=\box48
)
\TX@col@width=\dimen162
\TX@old@table=\dimen163
\TX@old@col=\dimen164
\TX@target=\dimen165
\TX@delta=\dimen166
\TX@cols=\count191
\TX@ftn=\toks22
)
("C:\Users\stefa\AppData\Local\Programs\MiKTeX 2.9\tex/latex/caption\caption.st
y"
Package: caption 2020/01/03 v3.4h Customizing captions (AR)

("C:\Users\stefa\AppData\Local\Programs\MiKTeX 2.9\tex/latex/caption\caption3.s
ty"
Package: caption3 2020/01/03 v1.8h caption3 kernel (AR)
Package caption3 Info: TeX engine: e-TeX on input line 61.
\captionmargin=\dimen167
\captionmargin@=\dimen168
\captionwidth=\dimen169
\caption@tempdima=\dimen170
\caption@indent=\dimen171
\caption@parindent=\dimen172
\caption@hangindent=\dimen173
Package caption Info: Standard document class detected.
)
\c@caption@flags=\count192
\c@continuedfloat=\count193
)
("C:\Users\stefa\AppData\Local\Programs\MiKTeX 2.9\tex/latex/amsfonts\amsfonts.
sty"
Package: amsfonts 2013/01/14 v3.01 Basic AMSFonts support
\@emptytoks=\toks23
\symAMSa=\mathgroup4
\symAMSb=\mathgroup5
LaTeX Font Info:    Redeclaring math symbol \hbar on input line 98.
LaTeX Font Info:    Overwriting math alphabet `\mathfrak' in version `bold'
(Font)                  U/euf/m/n --> U/euf/b/n on input line 106.
)
("C:\Users\stefa\AppData\Local\Programs\MiKTeX 2.9\tex/latex/amsfonts\amssymb.s
ty"
Package: amssymb 2013/01/14 v3.01 AMS font symbols
)
("C:\Users\stefa\AppData\Local\Programs\MiKTeX 2.9\tex/latex/amsmath\amsmath.st
y"
Package: amsmath 2020/01/20 v2.17e AMS math features
\@mathmargin=\skip51

For additional information on amsmath, use the `?' option.

("C:\Users\stefa\AppData\Local\Programs\MiKTeX 2.9\tex/latex/amsmath\amstext.st
y"
Package: amstext 2000/06/29 v2.01 AMS text

("C:\Users\stefa\AppData\Local\Programs\MiKTeX 2.9\tex/latex/amsmath\amsgen.sty
"
File: amsgen.sty 1999/11/30 v2.0 generic functions
\@emptytoks=\toks24
\ex@=\dimen174
))
("C:\Users\stefa\AppData\Local\Programs\MiKTeX 2.9\tex/latex/amsmath\amsbsy.sty
"
Package: amsbsy 1999/11/29 v1.2d Bold Symbols
\pmbraise@=\dimen175
)
("C:\Users\stefa\AppData\Local\Programs\MiKTeX 2.9\tex/latex/amsmath\amsopn.sty
"
Package: amsopn 2016/03/08 v2.02 operator names
)
\inf@bad=\count194
LaTeX Info: Redefining \frac on input line 227.
\uproot@=\count195
\leftroot@=\count196
LaTeX Info: Redefining \overline on input line 389.
\classnum@=\count197
\DOTSCASE@=\count198
LaTeX Info: Redefining \ldots on input line 486.
LaTeX Info: Redefining \dots on input line 489.
LaTeX Info: Redefining \cdots on input line 610.
\Mathstrutbox@=\box49
\strutbox@=\box50
\big@size=\dimen176
LaTeX Font Info:    Redeclaring font encoding OML on input line 733.
LaTeX Font Info:    Redeclaring font encoding OMS on input line 734.
\macc@depth=\count199
\c@MaxMatrixCols=\count266
\dotsspace@=\muskip16
\c@parentequation=\count267
\dspbrk@lvl=\count268
\tag@help=\toks25
\row@=\count269
\column@=\count270
\maxfields@=\count271
\andhelp@=\toks26
\eqnshift@=\dimen177
\alignsep@=\dimen178
\tagshift@=\dimen179
\tagwidth@=\dimen180
\totwidth@=\dimen181
\lineht@=\dimen182
\@envbody=\toks27
\multlinegap=\skip52
\multlinetaggap=\skip53
\mathdisplay@stack=\toks28
LaTeX Info: Redefining \[ on input line 2859.
LaTeX Info: Redefining \] on input line 2860.
)
("C:\Users\stefa\AppData\Local\Programs\MiKTeX 2.9\tex/generic/genmisc\nth.sty"
Package: nth 2002/02/27
)
("C:\Users\stefa\AppData\Local\Programs\MiKTeX 2.9\tex/latex/setspace\setspace.
sty"
Package: setspace 2011/12/19 v6.7a set line spacing
)
("C:\Users\stefa\AppData\Local\Programs\MiKTeX 2.9\tex/latex/prettyref\prettyre
f.sty"
Package: prettyref 1998/07/09 v3.0
)
("C:\Users\stefa\AppData\Local\Programs\MiKTeX 2.9\tex/latex/hyperref\hyperref.
sty"
Package: hyperref 2020/01/14 v7.00d Hypertext links for LaTeX

("C:\Users\stefa\AppData\Local\Programs\MiKTeX 2.9\tex/generic/kvsetkeys\kvsetk
eys.sty"
Package: kvsetkeys 2019/12/15 v1.18 Key value parser (HO)
)
("C:\Users\stefa\AppData\Local\Programs\MiKTeX 2.9\tex/generic/kvdefinekeys\kvd
efinekeys.sty"
Package: kvdefinekeys 2019-12-19 v1.6 Define keys (HO)
)
("C:\Users\stefa\AppData\Local\Programs\MiKTeX 2.9\tex/generic/pdfescape\pdfesc
ape.sty"
Package: pdfescape 2019/12/09 v1.15 Implements pdfTeX's escape features (HO)
)
("C:\Users\stefa\AppData\Local\Programs\MiKTeX 2.9\tex/latex/hycolor\hycolor.st
y"
Package: hycolor 2020-01-27 v1.10 Color options for hyperref/bookmark (HO)
)
("C:\Users\stefa\AppData\Local\Programs\MiKTeX 2.9\tex/latex/letltxmacro\letltx
macro.sty"
Package: letltxmacro 2019/12/03 v1.6 Let assignment for LaTeX macros (HO)
)
("C:\Users\stefa\AppData\Local\Programs\MiKTeX 2.9\tex/latex/auxhook\auxhook.st
y"
Package: auxhook 2019-12-17 v1.6 Hooks for auxiliary files (HO)
)
("C:\Users\stefa\AppData\Local\Programs\MiKTeX 2.9\tex/latex/kvoptions\kvoption
s.sty"
Package: kvoptions 2019/11/29 v3.13 Key value format for package options (HO)
)
\@linkdim=\dimen183
\Hy@linkcounter=\count272
\Hy@pagecounter=\count273

("C:\Users\stefa\AppData\Local\Programs\MiKTeX 2.9\tex/latex/hyperref\pd1enc.de
f"
File: pd1enc.def 2020/01/14 v7.00d Hyperref: PDFDocEncoding definition (HO)
Now handling font encoding PD1 ...
... no UTF-8 mapping file for font encoding PD1
)
("C:\Users\stefa\AppData\Local\Programs\MiKTeX 2.9\tex/generic/intcalc\intcalc.
sty"
Package: intcalc 2019/12/15 v1.3 Expandable calculations with integers (HO)
)
("C:\Users\stefa\AppData\Local\Programs\MiKTeX 2.9\tex/generic/etexcmds\etexcmd
s.sty"
Package: etexcmds 2019/12/15 v1.7 Avoid name clashes with e-TeX commands (HO)
)
\Hy@SavedSpaceFactor=\count274
Package hyperref Info: Option `plainpages' set `false' on input line 4421.
Package hyperref Info: Hyper figures OFF on input line 4547.
Package hyperref Info: Link nesting OFF on input line 4552.
Package hyperref Info: Hyper index ON on input line 4555.
Package hyperref Info: Plain pages OFF on input line 4562.
Package hyperref Info: Backreferencing OFF on input line 4567.
Package hyperref Info: Implicit mode ON; LaTeX internals redefined.
Package hyperref Info: Bookmarks ON on input line 4800.
\c@Hy@tempcnt=\count275
 ("C:\Users\stefa\AppData\Local\Programs\MiKTeX 2.9\tex/latex/url\url.sty"
\Urlmuskip=\muskip17
Package: url 2013/09/16  ver 3.4  Verb mode for urls, etc.
)
LaTeX Info: Redefining \url on input line 5159.
\XeTeXLinkMargin=\dimen184

("C:\Users\stefa\AppData\Local\Programs\MiKTeX 2.9\tex/generic/bitset\bitset.st
y"
Package: bitset 2019/12/09 v1.3 Handle bit-vector datatype (HO)

("C:\Users\stefa\AppData\Local\Programs\MiKTeX 2.9\tex/generic/bigintcalc\bigin
tcalc.sty"
Package: bigintcalc 2019/12/15 v1.5 Expandable calculations on big integers (HO
)
))
\Fld@menulength=\count276
\Field@Width=\dimen185
\Fld@charsize=\dimen186
Package hyperref Info: Hyper figures OFF on input line 6430.
Package hyperref Info: Link nesting OFF on input line 6435.
Package hyperref Info: Hyper index ON on input line 6438.
Package hyperref Info: backreferencing OFF on input line 6445.
Package hyperref Info: Link coloring OFF on input line 6450.
Package hyperref Info: Link coloring with OCG OFF on input line 6455.
Package hyperref Info: PDF/A mode OFF on input line 6460.
LaTeX Info: Redefining \ref on input line 6500.
LaTeX Info: Redefining \pageref on input line 6504.

("C:\Users\stefa\AppData\Local\Programs\MiKTeX 2.9\tex/generic/atbegshi\atbegsh
i.sty"
Package: atbegshi 2019/12/05 v1.19 At begin shipout hook (HO)
)
\Hy@abspage=\count277
\c@Item=\count278
\c@Hfootnote=\count279
)
Package hyperref Info: Driver: hpdftex.

("C:\Users\stefa\AppData\Local\Programs\MiKTeX 2.9\tex/latex/hyperref\hpdftex.d
ef"
File: hpdftex.def 2020/01/14 v7.00d Hyperref driver for pdfTeX

("C:\Users\stefa\AppData\Local\Programs\MiKTeX 2.9\tex/latex/atveryend\atveryen
d.sty"
Package: atveryend 2019-12-11 v1.11 Hooks at the very end of document (HO)
)
\Fld@listcount=\count280
\c@bookmark@seq@number=\count281

("C:\Users\stefa\AppData\Local\Programs\MiKTeX 2.9\tex/latex/rerunfilecheck\rer
unfilecheck.sty"
Package: rerunfilecheck 2019/12/05 v1.9 Rerun checks for auxiliary files (HO)

("C:\Users\stefa\AppData\Local\Programs\MiKTeX 2.9\tex/generic/uniquecounter\un
iquecounter.sty"
Package: uniquecounter 2019/12/15 v1.4 Provide unlimited unique counter (HO)
)
Package uniquecounter Info: New unique counter `rerunfilecheck' on input line 2
86.
)
\Hy@SectionHShift=\skip54
)
("C:\Users\stefa\AppData\Local\Programs\MiKTeX 2.9\tex/latex/psnfss\palatino.st
y"
Package: palatino 2005/04/12 PSNFSS-v9.2a (SPQR) 
)
("C:\Users\stefa\AppData\Local\Programs\MiKTeX 2.9\tex/latex/biblatex\biblatex.
sty"
Package: biblatex 2019/12/01 v3.14 programmable bibliographies (PK/MW)

("C:\Users\stefa\AppData\Local\Programs\MiKTeX 2.9\tex/latex/logreq\logreq.sty"
Package: logreq 2010/08/04 v1.0 xml request logger
\lrq@indent=\count282
("C:\Users\stefa\AppData\Local\Programs\MiKTeX 2.9\tex/latex/logreq\logreq.def"
File: logreq.def 2010/08/04 v1.0 logreq spec v1.0
))
\c@tabx@nest=\count283
\c@listtotal=\count284
\c@listcount=\count285
\c@liststart=\count286
\c@liststop=\count287
\c@citecount=\count288
\c@citetotal=\count289
\c@multicitecount=\count290
\c@multicitetotal=\count291
\c@instcount=\count292
\c@maxnames=\count293
\c@minnames=\count294
\c@maxitems=\count295
\c@minitems=\count296
\c@citecounter=\count297
\c@maxcitecounter=\count298
\c@savedcitecounter=\count299
\c@uniquelist=\count300
\c@uniquename=\count301
\c@refsection=\count302
\c@refsegment=\count303
\c@maxextratitle=\count304
\c@maxextratitleyear=\count305
\c@maxextraname=\count306
\c@maxextradate=\count307
\c@maxextraalpha=\count308
\c@abbrvpenalty=\count309
\c@highnamepenalty=\count310
\c@lownamepenalty=\count311
\c@maxparens=\count312
\c@parenlevel=\count313
\blx@tempcnta=\count314
\blx@tempcntb=\count315
\blx@tempcntc=\count316
\blx@maxsection=\count317
\blx@maxsegment@0=\count318
\blx@notetype=\count319
\blx@parenlevel@text=\count320
\blx@parenlevel@foot=\count321
\blx@sectionciteorder@0=\count322
\blx@entrysetcounter=\count323
\labelnumberwidth=\skip55
\labelalphawidth=\skip56
\biblabelsep=\skip57
\bibitemsep=\skip58
\bibnamesep=\skip59
\bibinitsep=\skip60
\bibparsep=\skip61
\bibhang=\skip62
\blx@bcfin=\read3
\blx@bcfout=\write3
\blx@langwohyphens=\language78
\c@mincomprange=\count324
\c@maxcomprange=\count325
\c@mincompwidth=\count326
Package biblatex Info: Trying to load biblatex default data model...
Package biblatex Info: ... file 'blx-dm.def' found.

("C:\Users\stefa\AppData\Local\Programs\MiKTeX 2.9\tex/latex/biblatex\blx-dm.de
f"
File: blx-dm.def 2019/12/01 v3.14 biblatex localization (PK/MW)
)
Package biblatex Info: Trying to load biblatex style data model...
Package biblatex Info: ... file 'numeric.dbx' not found.
Package biblatex Info: Trying to load biblatex custom data model...
Package biblatex Info: ... file 'biblatex-dm.cfg' not found.
\c@afterword=\count327
\c@savedafterword=\count328
\c@annotator=\count329
\c@savedannotator=\count330
\c@author=\count331
\c@savedauthor=\count332
\c@bookauthor=\count333
\c@savedbookauthor=\count334
\c@commentator=\count335
\c@savedcommentator=\count336
\c@editor=\count337
\c@savededitor=\count338
\c@editora=\count339
\c@savededitora=\count340
\c@editorb=\count341
\c@savededitorb=\count342
\c@editorc=\count343
\c@savededitorc=\count344
\c@foreword=\count345
\c@savedforeword=\count346
\c@holder=\count347
\c@savedholder=\count348
\c@introduction=\count349
\c@savedintroduction=\count350
\c@namea=\count351
\c@savednamea=\count352
\c@nameb=\count353
\c@savednameb=\count354
\c@namec=\count355
\c@savednamec=\count356
\c@translator=\count357
\c@savedtranslator=\count358
\c@shortauthor=\count359
\c@savedshortauthor=\count360
\c@shorteditor=\count361
\c@savedshorteditor=\count362
\c@labelname=\count363
\c@savedlabelname=\count364
\c@institution=\count365
\c@savedinstitution=\count366
\c@lista=\count367
\c@savedlista=\count368
\c@listb=\count369
\c@savedlistb=\count370
\c@listc=\count371
\c@savedlistc=\count372
\c@listd=\count373
\c@savedlistd=\count374
\c@liste=\count375
\c@savedliste=\count376
\c@listf=\count377
\c@savedlistf=\count378
\c@location=\count379
\c@savedlocation=\count380
\c@organization=\count381
\c@savedorganization=\count382
\c@origlocation=\count383
\c@savedoriglocation=\count384
\c@origpublisher=\count385
\c@savedorigpublisher=\count386
\c@publisher=\count387
\c@savedpublisher=\count388
\c@language=\count389
\c@savedlanguage=\count390
\c@origlanguage=\count391
\c@savedoriglanguage=\count392
\c@pageref=\count393
\c@savedpageref=\count394
\shorthandwidth=\skip63
\shortjournalwidth=\skip64
\shortserieswidth=\skip65
\shorttitlewidth=\skip66
\shortauthorwidth=\skip67
\shorteditorwidth=\skip68
\locallabelnumberwidth=\skip69
\locallabelalphawidth=\skip70
\localshorthandwidth=\skip71
\localshortjournalwidth=\skip72
\localshortserieswidth=\skip73
\localshorttitlewidth=\skip74
\localshortauthorwidth=\skip75
\localshorteditorwidth=\skip76
Package biblatex Info: Trying to load compatibility code...
Package biblatex Info: ... file 'blx-compat.def' found.

("C:\Users\stefa\AppData\Local\Programs\MiKTeX 2.9\tex/latex/biblatex\blx-compa
t.def"
File: blx-compat.def 2019/12/01 v3.14 biblatex compatibility (PK/MW)
)
Package biblatex Info: Trying to load generic definitions...
Package biblatex Info: ... file 'biblatex.def' found.

("C:\Users\stefa\AppData\Local\Programs\MiKTeX 2.9\tex/latex/biblatex\biblatex.
def"
File: biblatex.def 2019/12/01 v3.14 biblatex compatibility (PK/MW)
\c@textcitecount=\count395
\c@textcitetotal=\count396
\c@textcitemaxnames=\count397
\c@biburlbigbreakpenalty=\count398
\c@biburlbreakpenalty=\count399
\c@biburlnumpenalty=\count400
\c@biburlucpenalty=\count401
\c@biburllcpenalty=\count402
\biburlbigskip=\muskip18
\biburlnumskip=\muskip19
\biburlucskip=\muskip20
\biburllcskip=\muskip21
\c@smartand=\count403
)
Package biblatex Info: Trying to load bibliography style 'numeric'...
Package biblatex Info: ... file 'numeric.bbx' found.

("C:\Users\stefa\AppData\Local\Programs\MiKTeX 2.9\tex/latex/biblatex/bbx\numer
ic.bbx"
File: numeric.bbx 2019/12/01 v3.14 biblatex bibliography style (PK/MW)
Package biblatex Info: Trying to load bibliography style 'standard'...
Package biblatex Info: ... file 'standard.bbx' found.

("C:\Users\stefa\AppData\Local\Programs\MiKTeX 2.9\tex/latex/biblatex/bbx\stand
ard.bbx"
File: standard.bbx 2019/12/01 v3.14 biblatex bibliography style (PK/MW)
\c@bbx:relatedcount=\count404
\c@bbx:relatedtotal=\count405
))
Package biblatex Info: Trying to load citation style 'numeric'...
Package biblatex Info: ... file 'numeric.cbx' found.

("C:\Users\stefa\AppData\Local\Programs\MiKTeX 2.9\tex/latex/biblatex/cbx\numer
ic.cbx"
File: numeric.cbx 2019/12/01 v3.14 biblatex citation style (PK/MW)
Package biblatex Info: Redefining '\cite'.
Package biblatex Info: Redefining '\parencite'.
Package biblatex Info: Redefining '\footcite'.
Package biblatex Info: Redefining '\footcitetext'.
Package biblatex Info: Redefining '\smartcite'.
Package biblatex Info: Redefining '\supercite'.
Package biblatex Info: Redefining '\textcite'.
Package biblatex Info: Redefining '\textcites'.
Package biblatex Info: Redefining '\cites'.
Package biblatex Info: Redefining '\parencites'.
Package biblatex Info: Redefining '\smartcites'.
)
Package biblatex Info: Trying to load configuration file...
Package biblatex Info: ... file 'biblatex.cfg' found.

("C:\Users\stefa\AppData\Local\Programs\MiKTeX 2.9\tex/latex/biblatex\biblatex.
cfg"
File: biblatex.cfg 
))

Package biblatex Warning: Data model macro 'DeclareDatamodelEntrytypes' cannot 
be used in preamble.


Package biblatex Warning: Data model macro 'DeclareDatamodelEntryfields' cannot
 be used in preamble.

)
("C:\Users\stefa\AppData\Local\Programs\MiKTeX 2.9\tex/latex/arydshln\arydshln.
sty"
Package: arydshln 2019/02/21 v1.76 
\dashlinedash=\dimen187
\dashlinegap=\dimen188
\adl@box=\box51
\adl@height=\dimen189
\adl@heightsave=\dimen190
\adl@depth=\dimen191
\adl@depthsave=\dimen192
\adl@finaldepth=\dimen193
\adl@columns=\count406
\adl@ncol=\count407
\adl@currentcolumn=\count408
\adl@currentcolumnsave=\count409
\adl@totalheight=\count410
\adl@totalheightsave=\count411
\adl@dash=\count412
\adl@gap=\count413
\adl@cla=\count414
\adl@clb=\count415
\adl@everyvbox=\toks29
\adl@LTpagetotal=\dimen194
)
("C:\Users\stefa\AppData\Local\Programs\MiKTeX 2.9\tex/latex/psnfss\courier.sty
"
Package: courier 2005/04/12 PSNFSS-v9.2a (WaS) 
)
("C:\Users\stefa\AppData\Local\Programs\MiKTeX 2.9\tex/latex/ragged2e\ragged2e.
sty"
Package: ragged2e 2019/07/28 v2.2 ragged2e Package (MS)

("C:\Users\stefa\AppData\Local\Programs\MiKTeX 2.9\tex/latex/ms\everysel.sty"
Package: everysel 2011/10/28 v1.2 EverySelectfont Package (MS)
)
\CenteringLeftskip=\skip77
\RaggedLeftLeftskip=\skip78
\RaggedRightLeftskip=\skip79
\CenteringRightskip=\skip80
\RaggedLeftRightskip=\skip81
\RaggedRightRightskip=\skip82
\CenteringParfillskip=\skip83
\RaggedLeftParfillskip=\skip84
\RaggedRightParfillskip=\skip85
\JustifyingParfillskip=\skip86
\CenteringParindent=\skip87
\RaggedLeftParindent=\skip88
\RaggedRightParindent=\skip89
\JustifyingParindent=\skip90
) ("C:\Users\stefa\AppData\Local\Programs\MiKTeX 2.9\tex/latex/float\float.sty"
Package: float 2001/11/08 v1.3d Float enhancements (AL)
\c@float@type=\count416
\float@exts=\toks30
\float@box=\box52
\@float@everytoks=\toks31
\@floatcapt=\box53
) ("C:\Users\stefa\AppData\Local\Programs\MiKTeX 2.9\tex/latex/lipsum\lipsum.st
y"
("C:\Users\stefa\AppData\Local\Programs\MiKTeX 2.9\tex/latex/l3kernel\expl3.sty
"
Package: expl3 2020-01-31 L3 programming layer (loader) 

("C:\Users\stefa\AppData\Local\Programs\MiKTeX 2.9\tex/latex/l3backend\l3backen
d-pdfmode.def"
File: l3backend-pdfmode.def 2019-04-06 L3 backend support: PDF mode
\l__kernel_color_stack_int=\count417
\l__pdf_internal_box=\box54
))
("C:\Users\stefa\AppData\Local\Programs\MiKTeX 2.9\tex/latex/l3packages/xparse\
xparse.sty"
Package: xparse 2020-01-12 L3 Experimental document command parser
\l__xparse_current_arg_int=\count418
\g__xparse_grabber_int=\count419
\l__xparse_m_args_int=\count420
\l__xparse_v_nesting_int=\count421
)
Package: lipsum 2019/01/02 v2.2 150 paragraphs of Lorem Ipsum dummy text

("C:\Users\stefa\AppData\Local\Programs\MiKTeX 2.9\tex/latex/lipsum\lipsum.ltd.
tex"
File: lipsum.ltd.tex 2019/01/02 v2.2 The Lorem ipsum dummy text
))
("C:\Users\stefa\AppData\Local\Programs\MiKTeX 2.9\tex/latex/listings\listings.
sty"
\lst@mode=\count422
\lst@gtempboxa=\box55
\lst@token=\toks32
\lst@length=\count423
\lst@currlwidth=\dimen195
\lst@column=\count424
\lst@pos=\count425
\lst@lostspace=\dimen196
\lst@width=\dimen197
\lst@newlines=\count426
\lst@lineno=\count427
\lst@maxwidth=\dimen198

("C:\Users\stefa\AppData\Local\Programs\MiKTeX 2.9\tex/latex/listings\lstmisc.s
ty"
File: lstmisc.sty 2019/09/10 1.8c (Carsten Heinz)
\c@lstnumber=\count428
\lst@skipnumbers=\count429
\lst@framebox=\box56
)
("C:\Users\stefa\AppData\Local\Programs\MiKTeX 2.9\tex/latex/listings\listings.
cfg"
File: listings.cfg 2019/09/10 1.8c listings configuration
))
Package: listings 2019/09/10 1.8c (Carsten Heinz)

("C:\Users\stefa\AppData\Local\Programs\MiKTeX 2.9\tex/latex/tools\longtable.st
y"
Package: longtable 2020/01/07 v4.13 Multi-page Table package (DPC)
\LTleft=\skip91
\LTright=\skip92
\LTpre=\skip93
\LTpost=\skip94
\LTchunksize=\count430
\LTcapwidth=\dimen199
\LT@head=\box57
\LT@firsthead=\box58
\LT@foot=\box59
\LT@lastfoot=\box60
\LT@cols=\count431
\LT@rows=\count432
\c@LT@tables=\count433
\c@LT@chunks=\count434
\LT@p@ftn=\toks33
)
("C:\Users\stefa\AppData\Local\Programs\MiKTeX 2.9\tex/latex/subfig\subfig.sty"
Package: subfig 2005/06/28 ver: 1.3 subfig package
\c@KVtest=\count435
\sf@farskip=\skip95
\sf@captopadj=\dimen256
\sf@capskip=\skip96
\sf@nearskip=\skip97
\c@subfigure=\count436
\c@subfigure@save=\count437
\c@lofdepth=\count438
\c@subtable=\count439
\c@subtable@save=\count440
\c@lotdepth=\count441
\sf@top=\skip98
\sf@bottom=\skip99
)
("C:\Users\stefa\AppData\Local\Programs\MiKTeX 2.9\tex/latex/tools\multicol.sty
"
Package: multicol 2019/12/09 v1.8y multicolumn formatting (FMi)
\c@tracingmulticols=\count442
\mult@box=\box61
\multicol@leftmargin=\dimen257
\c@unbalance=\count443
\c@collectmore=\count444
\doublecol@number=\count445
\multicoltolerance=\count446
\multicolpretolerance=\count447
\full@width=\dimen258
\page@free=\dimen259
\premulticols=\dimen260
\postmulticols=\dimen261
\multicolsep=\skip100
\multicolbaselineskip=\skip101
\partial@page=\box62
\last@line=\box63
\maxbalancingoverflow=\dimen262
\mult@rightbox=\box64
\mult@grightbox=\box65
\mult@gfirstbox=\box66
\mult@firstbox=\box67
\@tempa=\box68
\@tempa=\box69
\@tempa=\box70
\@tempa=\box71
\@tempa=\box72
\@tempa=\box73
\@tempa=\box74
\@tempa=\box75
\@tempa=\box76
\@tempa=\box77
\@tempa=\box78
\@tempa=\box79
\@tempa=\box80
\@tempa=\box81
\@tempa=\box82
\@tempa=\box83
\@tempa=\box84
\@tempa=\box85
\@tempa=\box86
\@tempa=\box87
\@tempa=\box88
\@tempa=\box89
\@tempa=\box90
\@tempa=\box91
\@tempa=\box92
\@tempa=\box93
\@tempa=\box94
\@tempa=\box95
\@tempa=\box96
\@tempa=\box97
\@tempa=\box98
\@tempa=\box99
\@tempa=\box100
\@tempa=\box101
\@tempa=\box102
\@tempa=\box103
\@tempa=\box104
\c@minrows=\count448
\c@columnbadness=\count449
\c@finalcolumnbadness=\count450
\last@try=\dimen263
\multicolovershoot=\dimen264
\multicolundershoot=\dimen265
\mult@nat@firstbox=\box105
\colbreak@box=\box106
\mc@col@check@num=\count451
)
("C:\Users\stefa\AppData\Local\Programs\MiKTeX 2.9\tex/latex/multirow\multirow.
sty"
Package: multirow 2019/05/31 v2.5 Span multiple rows of a table
\multirow@colwidth=\skip102
\multirow@cntb=\count452
\multirow@dima=\skip103
\bigstrutjot=\dimen266
)
("C:\Users\stefa\AppData\Local\Programs\MiKTeX 2.9\tex/latex/xcolor\xcolor.sty"
Package: xcolor 2016/05/11 v2.12 LaTeX color extensions (UK)

("C:\Users\stefa\AppData\Local\Programs\MiKTeX 2.9\tex/latex/graphics-cfg\color
.cfg"
File: color.cfg 2016/01/02 v1.6 sample color configuration
)
Package xcolor Info: Driver file: pdftex.def on input line 225.
Package xcolor Info: Model `cmy' substituted by `cmy0' on input line 1348.
Package xcolor Info: Model `hsb' substituted by `rgb' on input line 1352.
Package xcolor Info: Model `RGB' extended on input line 1364.
Package xcolor Info: Model `HTML' substituted by `rgb' on input line 1366.
Package xcolor Info: Model `Hsb' substituted by `hsb' on input line 1367.
Package xcolor Info: Model `tHsb' substituted by `hsb' on input line 1368.
Package xcolor Info: Model `HSB' substituted by `hsb' on input line 1369.
Package xcolor Info: Model `Gray' substituted by `gray' on input line 1370.
Package xcolor Info: Model `wave' substituted by `hsb' on input line 1371.
)
   defining Unicode char U+0301 (decimal 769)
Package csquotes Info: Checking for multilingual support...
Package csquotes Info: ... found 'babel' package.
Package csquotes Info: Adjusting default style.
Package csquotes Info: Redefining alias 'default' -> 'ngerman'.
 (thesis.aux (content/abstract.aux) (content/note.aux)
(content/introduction.aux) (content/background.aux) (content/dataset.aux)
(content/classifier.aux) (content/evaluation.aux) (content/conclusion.aux))
\openout1 = `thesis.aux'.

LaTeX Font Info:    Checking defaults for OML/cmm/m/it on input line 73.
LaTeX Font Info:    ... okay on input line 73.
LaTeX Font Info:    Checking defaults for OMS/cmsy/m/n on input line 73.
LaTeX Font Info:    ... okay on input line 73.
LaTeX Font Info:    Checking defaults for OT1/cmr/m/n on input line 73.
LaTeX Font Info:    ... okay on input line 73.
LaTeX Font Info:    Checking defaults for T1/cmr/m/n on input line 73.
LaTeX Font Info:    ... okay on input line 73.
LaTeX Font Info:    Checking defaults for TS1/cmr/m/n on input line 73.
LaTeX Font Info:    ... okay on input line 73.
LaTeX Font Info:    Checking defaults for OMX/cmex/m/n on input line 73.
LaTeX Font Info:    ... okay on input line 73.
LaTeX Font Info:    Checking defaults for U/cmr/m/n on input line 73.
LaTeX Font Info:    ... okay on input line 73.
LaTeX Font Info:    Checking defaults for PD1/pdf/m/n on input line 73.
LaTeX Font Info:    ... okay on input line 73.
LaTeX Font Info:    Trying to load font information for T1+ppl on input line 73
.

("C:\Users\stefa\AppData\Local\Programs\MiKTeX 2.9\tex/latex/psnfss\t1ppl.fd"
File: t1ppl.fd 2001/06/04 font definitions for T1/ppl.
)
*geometry* driver: auto-detecting
*geometry* detected driver: pdftex
*geometry* verbose mode - [ preamble ] result:
* driver: pdftex
* paper: a4paper
* layout: <same size as paper>
* layoutoffset:(h,v)=(0.0pt,0.0pt)
* modes: includefoot twoside 
* h-part:(L,W,R)=(85.35826pt, 455.24408pt, 56.90553pt)
* v-part:(T,H,B)=(56.9055pt, 731.23584pt, 56.9055pt)
* \paperwidth=597.50787pt
* \paperheight=845.04684pt
* \textwidth=455.24408pt
* \textheight=701.23584pt
* \oddsidemargin=13.08827pt
* \evensidemargin=-15.36446pt
* \topmargin=-52.36449pt
* \headheight=12.0pt
* \headsep=25.0pt
* \topskip=11.0pt
* \footskip=30.0pt
* \marginparwidth=103.0pt
* \marginparsep=10.0pt
* \columnsep=10.0pt
* \skip\footins=10.0pt plus 4.0pt minus 2.0pt
* \hoffset=0.0pt
* \voffset=0.0pt
* \mag=1000
* \@twocolumnfalse
* \@twosidetrue
* \@mparswitchtrue
* \@reversemarginfalse
* (1in=72.27pt=25.4mm, 1cm=28.453pt)


("C:\Users\stefa\AppData\Local\Programs\MiKTeX 2.9\tex/context/base/mkii\supp-p
df.mkii"
[Loading MPS to PDF converter (version 2006.09.02).]
\scratchcounter=\count453
\scratchdimen=\dimen267
\scratchbox=\box107
\nofMPsegments=\count454
\nofMParguments=\count455
\everyMPshowfont=\toks34
\MPscratchCnt=\count456
\MPscratchDim=\dimen268
\MPnumerator=\count457
\makeMPintoPDFobject=\count458
\everyMPtoPDFconversion=\toks35
)
("C:\Users\stefa\AppData\Local\Programs\MiKTeX 2.9\tex/latex/epstopdf-pkg\epsto
pdf-base.sty"
Package: epstopdf-base 2020-01-24 v2.11 Base part for package epstopdf
Package epstopdf-base Info: Redefining graphics rule for `.eps' on input line 4
85.
)
Package caption Info: Begin \AtBeginDocument code.
Package caption Info: subfig package v1.3 is loaded.
Package caption Info: float package is loaded.
Package caption Info: hyperref package is loaded.
Package caption Info: listings package is loaded.
Package caption Info: longtable package is loaded.

("C:\Users\stefa\AppData\Local\Programs\MiKTeX 2.9\tex/latex/caption\ltcaption.
sty"
Package: ltcaption 2018/08/26 v1.4a longtable captions (AR)
)
Package caption Info: End \AtBeginDocument code.
\AtBeginShipoutBox=\box108
Package hyperref Info: Link coloring OFF on input line 73.

("C:\Users\stefa\AppData\Local\Programs\MiKTeX 2.9\tex/latex/hyperref\nameref.s
ty"
Package: nameref 2019/09/16 v2.46 Cross-referencing by name of section

("C:\Users\stefa\AppData\Local\Programs\MiKTeX 2.9\tex/latex/refcount\refcount.
sty"
Package: refcount 2019/12/15 v3.6 Data extraction from label references (HO)
)
("C:\Users\stefa\AppData\Local\Programs\MiKTeX 2.9\tex/generic/gettitlestring\g
ettitlestring.sty"
Package: gettitlestring 2019/12/15 v1.6 Cleanup title references (HO)
)
\c@section@level=\count459
)
LaTeX Info: Redefining \ref on input line 73.
LaTeX Info: Redefining \pageref on input line 73.
LaTeX Info: Redefining \nameref on input line 73.
 (thesis.out) (thesis.out)
\@outlinefile=\write4
\openout4 = `thesis.out'.

Package biblatex Info: Trying to load language 'ngerman'...
Package biblatex Info: ... file 'ngerman.lbx' found.

("C:\Users\stefa\AppData\Local\Programs\MiKTeX 2.9\tex/latex/biblatex/lbx\ngerm
an.lbx"
File: ngerman.lbx 2019/12/01 v3.14 biblatex localization (PK/MW)
Package biblatex Info: Trying to load language 'german'...
Package biblatex Info: ... file 'german.lbx' found.

("C:\Users\stefa\AppData\Local\Programs\MiKTeX 2.9\tex/latex/biblatex/lbx\germa
n.lbx"
File: german.lbx 2019/12/01 v3.14 biblatex localization (PK/MW)
)
Package biblatex Info: Trying to load language 'german'...
Package biblatex Info: ... file 'german.lbx' found.

("C:\Users\stefa\AppData\Local\Programs\MiKTeX 2.9\tex/latex/biblatex/lbx\germa
n.lbx"
File: german.lbx 2019/12/01 v3.14 biblatex localization (PK/MW)
))
Package biblatex Info: Trying to load language 'english'...
Package biblatex Info: ... file 'english.lbx' found.

("C:\Users\stefa\AppData\Local\Programs\MiKTeX 2.9\tex/latex/biblatex/lbx\engli
sh.lbx"
File: english.lbx 2019/12/01 v3.14 biblatex localization (PK/MW)
)
Package biblatex Info: Input encoding 'utf8' detected.
Package biblatex Info: Automatic encoding selection.
(biblatex)             Assuming data encoding 'utf8'.
\openout3 = `thesis.bcf'.

Package biblatex Info: Trying to load bibliographic data...
Package biblatex Info: ... file 'thesis.bbl' found.
 (thesis.bbl)
Package biblatex Info: Reference section=0 on input line 73.
Package biblatex Info: Reference segment=0 on input line 73.
 ABD: EverySelectfont initializing macros
LaTeX Info: Redefining \selectfont on input line 73.
\c@lstlisting=\count460
<logos/uko-logo.pdf, id=111, 564.1075pt x 90.3375pt>
File: logos/uko-logo.pdf Graphic file (type pdf)
<use logos/uko-logo.pdf>
Package pdftex.def Info: logos/uko-logo.pdf  used on input line 80.
(pdftex.def)             Requested size: 170.71652pt x 27.33853pt.
<logos/chalmers.png, id=112, 978.65625pt x 233.87375pt>
File: logos/chalmers.png Graphic file (type png)
<use logos/chalmers.png>
Package pdftex.def Info: logos/chalmers.png  used on input line 80.
(pdftex.def)             Requested size: 170.71652pt x 40.79646pt.
LaTeX Font Info:    Trying to load font information for T1+phv on input line 80
.

("C:\Users\stefa\AppData\Local\Programs\MiKTeX 2.9\tex/latex/psnfss\t1phv.fd"
File: t1phv.fd 2001/06/04 scalable font definitions for T1/phv.
)
LaTeX Font Info:    Trying to load font information for U+msa on input line 80.


("C:\Users\stefa\AppData\Local\Programs\MiKTeX 2.9\tex/latex/amsfonts\umsa.fd"
File: umsa.fd 2013/01/14 v3.01 AMS symbols A
)
LaTeX Font Info:    Trying to load font information for U+msb on input line 80.

("C:\Users\stefa\AppData\Local\Programs\MiKTeX 2.9\tex/latex/amsfonts\umsb.fd"
File: umsb.fd 2013/01/14 v3.01 AMS symbols B
) [1

{C:/Users/stefa/AppData/Local/MiKTeX/2.9/pdftex/config/pdftex.map} <./logos/uko
-logo.pdf> <./logos/chalmers.png>] [2

]
Underfull \hbox (badness 10000) in paragraph at lines 80--80

 []


Underfull \hbox (badness 10000) in alignment at lines 80--80
[][][] 
 []

[3] [4

]
\openout2 = `content/abstract.aux'.

 (content/abstract.tex
LaTeX Font Info:    Trying to load font information for T1+pcr on input line 7.


("C:\Users\stefa\AppData\Local\Programs\MiKTeX 2.9\tex/latex/psnfss\t1pcr.fd"
File: t1pcr.fd 2001/06/04 font definitions for T1/pcr.
)
[5

] [6

])
\openout2 = `content/note.aux'.

 (content/note.tex
File: logos/chalmers.png Graphic file (type png)
<use logos/chalmers.png>
Package pdftex.def Info: logos/chalmers.png  used on input line 11.
(pdftex.def)             Requested size: 170.71652pt x 40.79646pt.
File: logos/chalmers.png Graphic file (type png)
<use logos/chalmers.png>
Package pdftex.def Info: logos/chalmers.png  used on input line 25.
(pdftex.def)             Requested size: 170.71652pt x 40.79646pt.
 [7


] [8

]) (thesis.toc [9


])
\tf@toc=\write5
\openout5 = `thesis.toc'.

 [10] (thesis.lof
Overfull \hbox (7.6734pt too wide) in paragraph at lines 51--51
 [][] [][]\T1/ppl/m/n/10.95 Grundsätzlicher Auf-bau ei-nes KNN mit drei Input-L
ayer-Neuronen, fünf Hidden- 
 []


Overfull \hbox (15.20729pt too wide) in paragraph at lines 55--55
 [][] [][]\T1/ppl/m/n/10.95 Vergleich der Ac-cu-ra-cies je Klas-si-fi-ka-tor vo
r und nach der An-wen-dung des SMOTE- 
 []

[11


])
\tf@lof=\write6
\openout6 = `thesis.lof'.

 [1]
\openout2 = `content/introduction.aux'.

 (content/introduction.tex
Kapitel 1.
[2


]
("C:\Users\stefa\AppData\Local\Programs\MiKTeX 2.9\tex/latex/listings\lstlang1.
sty"
File: lstlang1.sty 2019/09/10 1.8c listings language file
)
Package hyperref Info: bookmark level for unknown lstlisting defaults to 0 on i
nput line 23.
 [3]
Underfull \hbox (badness 6876) in paragraph at lines 52--52
[]\T1/ppl/m/n/10.95 RO1: Er-stel-lung ei-nes Da-ten-sets zum Trai-nie-ren von r
e-le-van-ten Machine-Learning-
 []


Overfull \hbox (6.79999pt too wide) in paragraph at lines 52--53
[][] 
 []


Underfull \hbox (badness 6173) in paragraph at lines 59--59
[]\T1/ppl/m/n/10.95 RO2: Iden-ti-fi-ka-ti-on und Trai-ning ei-ner Aus-wahl von 
re-le-van-ten Machine-Learning-
 []


Overfull \hbox (6.79999pt too wide) in paragraph at lines 59--60
[][] 
 []


Overfull \hbox (6.79999pt too wide) in paragraph at lines 69--70
[][] 
 []

LaTeX Font Info:    Trying to load font information for TS1+ppl on input line 7
7.
("C:\Users\stefa\AppData\Local\Programs\MiKTeX 2.9\tex/latex/psnfss\ts1ppl.fd"
File: ts1ppl.fd 2001/06/04 font definitions for TS1/ppl.
) [4]
<images/CRISP-DM1.png, id=336, 520.94624pt x 335.00156pt>
File: images/CRISP-DM1.png Graphic file (type png)
<use images/CRISP-DM1.png>
Package pdftex.def Info: images/CRISP-DM1.png  used on input line 92.
(pdftex.def)             Requested size: 273.14922pt x 175.65353pt.


LaTeX Warning: Hyper reference `timecourse' on page 5 undefined on input line 9
6.

<images/CRISP-DM.png, id=341, 1312.15219pt x 178.41656pt>
File: images/CRISP-DM.png Graphic file (type png)
<use images/CRISP-DM.png>
Package pdftex.def Info: images/CRISP-DM.png  used on input line 100.
(pdftex.def)             Requested size: 455.24408pt x 61.89952pt.
[5 <./images/CRISP-DM1.png> <./images/CRISP-DM.png>]

LaTeX Warning: Hyper reference `dataset' on page 6 undefined on input line 109.


[6])
\openout2 = `content/background.aux'.

 (content/background.tex
Kapitel 2.

Underfull \hbox (badness 10000) in paragraph at lines 6--8

 []

<images/SPL.png, id=364, 755.82375pt x 291.33844pt>
File: images/SPL.png Graphic file (type png)
<use images/SPL.png>
Package pdftex.def Info: images/SPL.png  used on input line 19.
(pdftex.def)             Requested size: 455.24408pt x 175.47566pt.
[7




]
("C:\Users\stefa\AppData\Local\Programs\MiKTeX 2.9\tex/latex/listings\lstlang1.
sty"
File: lstlang1.sty 2019/09/10 1.8c listings language file
)
("C:\Users\stefa\AppData\Local\Programs\MiKTeX 2.9\tex/latex/listings\lstmisc.s
ty"
File: lstmisc.sty 2019/09/10 1.8c (Carsten Heinz)
) [8 <./images/SPL.png>]
<images/Crosscutting.png, id=411, 497.60907pt x 398.23781pt>
File: images/Crosscutting.png Graphic file (type png)
<use images/Crosscutting.png>
Package pdftex.def Info: images/Crosscutting.png  used on input line 59.
(pdftex.def)             Requested size: 273.14922pt x 218.60611pt.
<images/ML.png, id=417, 825.0825pt x 411.78844pt>
File: images/ML.png Graphic file (type png)
<use images/ML.png>
Package pdftex.def Info: images/ML.png  used on input line 71.
(pdftex.def)             Requested size: 455.24408pt x 227.20691pt.
 [9 <./images/Crosscutting.png>] [10 <./images/ML.png>]
<images/ML1.png, id=435, 950.04938pt x 330.48468pt>
File: images/ML1.png Graphic file (type png)
<use images/ML1.png>
Package pdftex.def Info: images/ML1.png  used on input line 88.
(pdftex.def)             Requested size: 455.24408pt x 158.36357pt.
 [11 <./images/ML1.png>]
<images/ML2.png, id=457, 685.05937pt x 368.1253pt>
File: images/ML2.png Graphic file (type png)
<use images/ML2.png>
Package pdftex.def Info: images/ML2.png  used on input line 125.
(pdftex.def)             Requested size: 364.19664pt x 195.71213pt.

Underfull \vbox (badness 4181) has occurred while \output is active []

 [12 <./images/ML2.png>] [13] [14

])
\openout2 = `content/dataset.aux'.

 (content/dataset.tex
Kapitel 3.
<images/Kap3.png, id=484, 1297.84875pt x 261.22594pt>
File: images/Kap3.png Graphic file (type png)
<use images/Kap3.png>
Package pdftex.def Info: images/Kap3.png  used on input line 10.
(pdftex.def)             Requested size: 455.24408pt x 91.62973pt.
[15



 <./images/Kap3.png>]
Underfull \hbox (badness 2189) in paragraph at lines 106--106
 []| \T1/ppl/m/n/10.95 11|
 []


Underfull \hbox (badness 2717) in paragraph at lines 106--106
 []| \T1/ppl/m/n/10.95 10|
 []


Underfull \hbox (badness 3009) in paragraph at lines 106--106
 []| \T1/ppl/m/n/10.95 732|
 []


Underfull \hbox (badness 2189) in paragraph at lines 106--106
 []| \T1/ppl/m/n/10.95 14|
 []


Underfull \hbox (badness 3460) in paragraph at lines 106--106
 []| \T1/ppl/m/n/10.95 6|
 []


Underfull \hbox (badness 2042) in paragraph at lines 106--106
 []| \T1/ppl/m/n/10.95 2.597|
 []


Underfull \hbox (badness 2837) in paragraph at lines 106--106
 []| \T1/ppl/m/n/10.95 7|
 []


Underfull \hbox (badness 3460) in paragraph at lines 106--106
 []| \T1/ppl/m/n/10.95 8|
 []


Underfull \hbox (badness 3009) in paragraph at lines 106--106
 []| \T1/ppl/m/n/10.95 668|
 []


Underfull \hbox (badness 2189) in paragraph at lines 106--106
 []| \T1/ppl/m/n/10.95 14|
 []


Underfull \hbox (badness 3460) in paragraph at lines 106--106
 []| \T1/ppl/m/n/10.95 7|
 []


Underfull \hbox (badness 1527) in paragraph at lines 106--106
 []| \T1/ppl/m/n/10.95 16.245|
 []


Underfull \hbox (badness 2837) in paragraph at lines 106--106
 []| \T1/ppl/m/n/10.95 8|
 []


Underfull \hbox (badness 3460) in paragraph at lines 106--106
 []| \T1/ppl/m/n/10.95 7|
 []


Underfull \hbox (badness 2042) in paragraph at lines 106--106
 []| \T1/ppl/m/n/10.95 9.849|
 []


Underfull \hbox (badness 2837) in paragraph at lines 106--106
 []| \T1/ppl/m/n/10.95 5|
 []


Underfull \hbox (badness 3460) in paragraph at lines 106--106
 []| \T1/ppl/m/n/10.95 7|
 []


Underfull \hbox (badness 3803) in paragraph at lines 106--106
 []| \T1/ppl/m/n/10.95 18|
 []


Underfull \hbox (badness 2837) in paragraph at lines 106--106
 []| \T1/ppl/m/n/10.95 7|
 []


Underfull \hbox (badness 1571) in paragraph at lines 106--106
 []| \T1/ppl/m/n/10.95 253|
 []


Overfull \hbox (6.79999pt too wide) in paragraph at lines 112--113
[][] 
 []

[16]
<images/Features.png, id=531, 963.6pt x 517.18219pt>
File: images/Features.png Graphic file (type png)
<use images/Features.png>
Package pdftex.def Info: images/Features.png  used on input line 129.
(pdftex.def)             Requested size: 455.24408pt x 244.3383pt.
 [17]
<images/SZZ.png, id=542, 1297.84875pt x 304.88907pt>
File: images/SZZ.png Graphic file (type png)
<use images/SZZ.png>
Package pdftex.def Info: images/SZZ.png  used on input line 143.
(pdftex.def)             Requested size: 455.24408pt x 106.94537pt.
 [18 <./images/Features.png>]
Underfull \hbox (badness 3746) in paragraph at lines 187--187
 []| \T1/ppl/b/n/10.95 #feh-le-rein-füh-rend|
 []


Underfull \hbox (badness 1142) in paragraph at lines 187--187
 []| \T1/ppl/b/n/10.95 #Fea-tu-res|
 []


Underfull \hbox (badness 3449) in paragraph at lines 187--187
 []| \T1/ppl/m/n/10.95 7.760|
 []


Underfull \hbox (badness 10000) in paragraph at lines 187--187
 []| \T1/ppl/m/n/10.95 3.776|
 []


Underfull \hbox (badness 3590) in paragraph at lines 187--187
 []| \T1/ppl/m/n/10.95 1.400|
 []


Underfull \hbox (badness 3449) in paragraph at lines 187--187
 []| \T1/ppl/m/n/10.95 1.236|
 []


Underfull \hbox (badness 10000) in paragraph at lines 187--187
 []| \T1/ppl/m/n/10.95 802|
 []


Underfull \hbox (badness 4967) in paragraph at lines 187--187
 []| \T1/ppl/m/n/10.95 628|
 []


Underfull \hbox (badness 3449) in paragraph at lines 187--187
 []| \T1/ppl/m/n/10.95 4.269|
 []


Underfull \hbox (badness 10000) in paragraph at lines 187--187
 []| \T1/ppl/m/n/10.95 2.532|
 []


Underfull \hbox (badness 4967) in paragraph at lines 187--187
 []| \T1/ppl/m/n/10.95 718|
 []


Underfull \hbox (badness 3449) in paragraph at lines 187--187
 []| \T1/ppl/m/n/10.95 1.380|
 []


Underfull \hbox (badness 10000) in paragraph at lines 187--187
 []| \T1/ppl/m/n/10.95 854|
 []


Underfull \hbox (badness 4967) in paragraph at lines 187--187
 []| \T1/ppl/m/n/10.95 204|
 []


Underfull \hbox (badness 3449) in paragraph at lines 187--187
 []| \T1/ppl/m/n/10.95 1.498|
 []


Underfull \hbox (badness 10000) in paragraph at lines 187--187
 []| \T1/ppl/m/n/10.95 1.191|
 []


Underfull \hbox (badness 4967) in paragraph at lines 187--187
 []| \T1/ppl/m/n/10.95 637|
 []


Underfull \hbox (badness 4792) in paragraph at lines 187--187
 []| \T1/ppl/m/n/10.95 854|
 []


Underfull \hbox (badness 10000) in paragraph at lines 187--187
 []| \T1/ppl/m/n/10.95 1.215|
 []


Underfull \hbox (badness 4967) in paragraph at lines 187--187
 []| \T1/ppl/m/n/10.95 558|
 []


Underfull \hbox (badness 5862) in paragraph at lines 187--187
 []| \T1/ppl/m/n/10.95 52|
 []


Underfull \hbox (badness 10000) in paragraph at lines 187--187
 []| \T1/ppl/m/n/10.95 22|
 []


Underfull \hbox (badness 7291) in paragraph at lines 187--187
 []| \T1/ppl/m/n/10.95 9|
 []


Underfull \hbox (badness 4792) in paragraph at lines 187--187
 []| \T1/ppl/m/n/10.95 324|
 []


Underfull \hbox (badness 10000) in paragraph at lines 187--187
 []| \T1/ppl/m/n/10.95 88|
 []


Underfull \hbox (badness 4967) in paragraph at lines 187--187
 []| \T1/ppl/m/n/10.95 200|
 []


Underfull \hbox (badness 3449) in paragraph at lines 187--187
 []| \T1/ppl/m/n/10.95 1.078|
 []


Underfull \hbox (badness 10000) in paragraph at lines 187--187
 []| \T1/ppl/m/n/10.95 929|
 []


Underfull \hbox (badness 4967) in paragraph at lines 187--187
 []| \T1/ppl/m/n/10.95 230|
 []


Underfull \hbox (badness 4792) in paragraph at lines 187--187
 []| \T1/ppl/m/n/10.95 151|
 []


Underfull \hbox (badness 10000) in paragraph at lines 187--187
 []| \T1/ppl/m/n/10.95 211|
 []


Underfull \hbox (badness 6063) in paragraph at lines 187--187
 []| \T1/ppl/m/n/10.95 54|
 []


Underfull \hbox (badness 3449) in paragraph at lines 187--187
 []| \T1/ppl/m/n/10.95 3.109|
 []


Underfull \hbox (badness 10000) in paragraph at lines 187--187
 []| \T1/ppl/m/n/10.95 3.072|
 []


Underfull \hbox (badness 4967) in paragraph at lines 187--187
 []| \T1/ppl/m/n/10.95 397|
 []


Underfull \hbox (badness 4792) in paragraph at lines 187--187
 []| \T1/ppl/m/n/10.95 371|
 []


Underfull \hbox (badness 10000) in paragraph at lines 187--187
 []| \T1/ppl/m/n/10.95 696|
 []


Underfull \hbox (badness 3590) in paragraph at lines 187--187
 []| \T1/ppl/m/n/10.95 1.158|
 []


Underfull \hbox (badness 7081) in paragraph at lines 187--187
 []| \T1/ppl/m/n/10.95 0|
 []


Underfull \hbox (badness 10000) in paragraph at lines 187--187
 []| \T1/ppl/m/n/10.95 0|
 []


Underfull \hbox (badness 4967) in paragraph at lines 187--187
 []| \T1/ppl/m/n/10.95 137|
 []


Underfull \hbox (badness 10000) in paragraph at lines 233--233
[][][]\T1/ppl/m/n/9 Link zum Com-mit im Git-Repository von Vim: []$\T1/pcr/m/n/
9 https : / / github . com / vim / vim / commit /
 []

[19 <./images/SZZ.png>]
Overfull \hbox (6.62746pt too wide) in paragraph at lines 239--240
[]\T1/ppl/m/n/10.95 Commit-Nachrich: \T1/pcr/m/n/10.95 patch 8.1.1495: memory a
ccess \T1/pcr/b/n/10.95 error\T1/pcr/m/n/10.95 . problem: memory
 []


Overfull \hbox (12.32045pt too wide) in paragraph at lines 239--240
\T1/pcr/m/n/10.95 access \T1/pcr/b/n/10.95 error\T1/pcr/m/n/10.95 . solution: u
se the correct size for clearing the popup
 []


Underfull \hbox (badness 10000) in paragraph at lines 242--242
[][][]\T1/ppl/m/n/9 Link zum Com-mit im Git-Repository von Vim: []$\T1/pcr/m/n/
9 https : / / github . com / vim / vim / commit /
 []

<images/Bug_example_real.png, id=568, 1018.55531pt x 464.4853pt>
File: images/Bug_example_real.png Graphic file (type png)
<use images/Bug_example_real.png>
Package pdftex.def Info: images/Bug_example_real.png  used on input line 246.
(pdftex.def)             Requested size: 455.24408pt x 207.60605pt.

Underfull \vbox (badness 1117) has occurred while \output is active []

 [20]
[21 <./images/Bug_example_real.png>]
<images/Dataset.png, id=594, 1380.65813pt x 514.92375pt>
File: images/Dataset.png Graphic file (type png)
<use images/Dataset.png>
Package pdftex.def Info: images/Dataset.png  used on input line 283.
(pdftex.def)             Requested size: 455.24408pt x 169.78392pt.

Overfull \vbox (42.52875pt too high) detected at line 321
 []


Overfull \hbox (2.34665pt too wide) in paragraph at lines 321--321
[][] 
 []


Overfull \vbox (30.97673pt too high) detected at line 321
 []


Overfull \hbox (2.34665pt too wide) in paragraph at lines 321--321
[][] 
 []


Overfull \hbox (6.79999pt too wide) in paragraph at lines 325--326
[][] 
 []


Underfull \vbox (badness 1033) has occurred while \output is active []

 [22 <./images/Dataset.png>] [23] [24

])
\openout2 = `content/classifier.aux'.

 (content/classifier.tex
Kapitel 4.

Overfull \hbox (4.57315pt too wide) in paragraph at lines 6--8
\T1/ppl/m/n/10.95 Dieses Ka-pi-tel gibt einen de-tail-lier-ten Ein-blick in das
 Trai-ning und den Test-pro-zess der Machine-
 []


Underfull \hbox (badness 10000) in paragraph at lines 6--8

 []

[25



]
<images/DT.png, id=648, 416.30531pt x 386.94562pt>
File: images/DT.png Graphic file (type png)
<use images/DT.png>
Package pdftex.def Info: images/DT.png  used on input line 46.
(pdftex.def)             Requested size: 227.62204pt x 211.56903pt.
 [26 <./images/DT.png>]
<images/ANN.png, id=671, 596.2275pt x 514.92375pt>
File: images/ANN.png Graphic file (type png)
<use images/ANN.png>
Package pdftex.def Info: images/ANN.png  used on input line 64.
(pdftex.def)             Requested size: 227.62204pt x 196.58447pt.
 [27 <./images/ANN.png>]
<images/NB.png, id=689, 837.1275pt x 342.5297pt>
File: images/NB.png Graphic file (type png)
<use images/NB.png>
Package pdftex.def Info: images/NB.png  used on input line 73.
(pdftex.def)             Requested size: 273.14922pt x 111.76509pt.
 [28 <./images/NB.png>]

LaTeX Warning: Hyper reference `dataset' on page 29 undefined on input line 92.



Overfull \hbox (6.79999pt too wide) in paragraph at lines 95--96
[][] 
 []

[29]
<images/accuracies_file.png, id=718, 874.76813pt x 529.98pt>
File: images/accuracies_file.png Graphic file (type png)
<use images/accuracies_file.png>
Package pdftex.def Info: images/accuracies_file.png  used on input line 124.
(pdftex.def)             Requested size: 227.62204pt x 137.90475pt.
<images/accuracies_file_smoted.png, id=719, 875.52094pt x 517.935pt>
File: images/accuracies_file_smoted.png Graphic file (type png)
<use images/accuracies_file_smoted.png>
Package pdftex.def Info: images/accuracies_file_smoted.png  used on input line 
125.
(pdftex.def)             Requested size: 227.62204pt x 134.65201pt.


LaTeX Warning: No positions in optional float specifier.
               Default added (so using `tbp') on input line 131.

<images/Vergleich1.png, id=721, 878.53218pt x 532.99126pt>
File: images/Vergleich1.png Graphic file (type png)
<use images/Vergleich1.png>
Package pdftex.def Info: images/Vergleich1.png  used on input line 133.
(pdftex.def)             Requested size: 455.24408pt x 276.19739pt.
[30 <./images/accuracies_file.png> <./images/accuracies_file_smoted.png>]
[31 <./images/Vergleich1.png>] [32])
\openout2 = `content/evaluation.aux'.

 (content/evaluation.tex
Kapitel 5.

Underfull \hbox (badness 10000) in paragraph at lines 6--8

 []

<images/Confusion.png, id=751, 500.62032pt x 325.215pt>
File: images/Confusion.png Graphic file (type png)
<use images/Confusion.png>
Package pdftex.def Info: images/Confusion.png  used on input line 27.
(pdftex.def)             Requested size: 318.66946pt x 207.02531pt.
[33




]
Underfull \hbox (badness 10000) in paragraph at lines 34--36

 []


Underfull \hbox (badness 10000) in paragraph at lines 38--40

 []


Underfull \hbox (badness 10000) in paragraph at lines 42--44

 []


Underfull \hbox (badness 10000) in paragraph at lines 46--48

 []

[34 <./images/Confusion.png>]
Underfull \hbox (badness 10000) in paragraph at lines 52--53

 []

[35]
<images/roc_ideal.png, id=780, 529.98pt x 229.85875pt>
File: images/roc_ideal.png Graphic file (type png)
<use images/roc_ideal.png>
Package pdftex.def Info: images/roc_ideal.png  used on input line 63.
(pdftex.def)             Requested size: 227.62204pt x 98.72157pt.
<images/roc_ideal_curve.png, id=781, 366.36874pt x 333.245pt>
File: images/roc_ideal_curve.png Graphic file (type png)
<use images/roc_ideal_curve.png>
Package pdftex.def Info: images/roc_ideal_curve.png  used on input line 64.
(pdftex.def)             Requested size: 113.81102pt x 103.51843pt.
<images/roc_normal.png, id=782, 508.90125pt x 237.88875pt>
File: images/roc_normal.png Graphic file (type png)
<use images/roc_normal.png>
Package pdftex.def Info: images/roc_normal.png  used on input line 66.
(pdftex.def)             Requested size: 227.62204pt x 106.40282pt.
<images/roc_normal_curve.png, id=783, 366.36874pt x 333.245pt>
File: images/roc_normal_curve.png Graphic file (type png)
<use images/roc_normal_curve.png>
Package pdftex.def Info: images/roc_normal_curve.png  used on input line 67.
(pdftex.def)             Requested size: 113.81102pt x 103.51843pt.
<images/roc_worst.png, id=784, 431.6125pt x 222.8325pt>
File: images/roc_worst.png Graphic file (type png)
<use images/roc_worst.png>
Package pdftex.def Info: images/roc_worst.png  used on input line 69.
(pdftex.def)             Requested size: 227.62204pt x 117.51584pt.
<images/roc_worst_curve.png, id=785, 366.36874pt x 333.245pt>
File: images/roc_worst_curve.png Graphic file (type png)
<use images/roc_worst_curve.png>
Package pdftex.def Info: images/roc_worst_curve.png  used on input line 70.
(pdftex.def)             Requested size: 113.81102pt x 103.51843pt.
<images/roc_neg.png, id=786, 558.085pt x 216.81pt>
File: images/roc_neg.png Graphic file (type png)
<use images/roc_neg.png>
Package pdftex.def Info: images/roc_neg.png  used on input line 72.
(pdftex.def)             Requested size: 227.62204pt x 88.4295pt.
<images/roc_neg_curve.png, id=787, 366.36874pt x 333.245pt>
File: images/roc_neg_curve.png Graphic file (type png)
<use images/roc_neg_curve.png>
Package pdftex.def Info: images/roc_neg_curve.png  used on input line 73.
(pdftex.def)             Requested size: 113.81102pt x 103.51843pt.

Overfull \hbox (6.79999pt too wide) in paragraph at lines 81--82
[][] 
 []


Overfull \hbox (6.79999pt too wide) in paragraph at lines 84--85
[][] 
 []


Underfull \hbox (badness 1838) in paragraph at lines 139--139
 []| \T1/ppl/b/n/10.95 WE-KA| 
 []


Overfull \hbox (12.76164pt too wide) in paragraph at lines 139--139
\T1/ppl/m/n/10.95 DT|  
 []


Underfull \hbox (badness 1052) in paragraph at lines 139--139
 []| \T1/ppl/m/n/10.95 146|
 []


Underfull \hbox (badness 1112) in paragraph at lines 139--139
 []| \T1/ppl/m/n/10.95 388|
 []


Overfull \hbox (23.72244pt too wide) in paragraph at lines 139--139
\T1/ppl/m/n/10.95 KNN|  
 []


Underfull \hbox (badness 1052) in paragraph at lines 139--139
 []| \T1/ppl/m/n/10.95 255|
 []


Underfull \hbox (badness 1112) in paragraph at lines 139--139
 []| \T1/ppl/m/n/10.95 392|
 []


Overfull \hbox (11.57909pt too wide) in paragraph at lines 139--139
\T1/ppl/m/n/10.95 LR|  
 []


Underfull \hbox (badness 2556) in paragraph at lines 139--139
 []||
 []


Underfull \hbox (badness 2556) in paragraph at lines 139--139
 []||
 []


Underfull \hbox (badness 1112) in paragraph at lines 139--139
 []| \T1/ppl/m/n/10.95 737|
 []


Underfull \hbox (badness 2556) in paragraph at lines 139--139
 []||
 []


Overfull \hbox (13.36394pt too wide) in paragraph at lines 139--139
\T1/ppl/m/n/10.95 NB|  
 []


Underfull \hbox (badness 1052) in paragraph at lines 139--139
 []| \T1/ppl/m/n/10.95 648|
 []


Underfull \hbox (badness 1112) in paragraph at lines 139--139
 []| \T1/ppl/m/n/10.95 643|
 []


Overfull \hbox (15.77287pt too wide) in paragraph at lines 139--139
\T1/ppl/m/n/10.95 NN|  
 []


Underfull \hbox (badness 1052) in paragraph at lines 139--139
 []| \T1/ppl/m/n/10.95 159|
 []


Underfull \hbox (badness 1112) in paragraph at lines 139--139
 []| \T1/ppl/m/n/10.95 315|
 []


Overfull \hbox (12.65216pt too wide) in paragraph at lines 139--139
\T1/ppl/m/n/10.95 RC|  
 []


Underfull \hbox (badness 2662) in paragraph at lines 139--139
 []||
 []


Underfull \hbox (badness 1052) in paragraph at lines 139--139
 []| \T1/ppl/m/n/10.95 603|
 []


Underfull \hbox (badness 2662) in paragraph at lines 139--139
 []||
 []


Underfull \hbox (badness 2662) in paragraph at lines 139--139
 []||
 []


Overfull \hbox (10.97678pt too wide) in paragraph at lines 139--139
\T1/ppl/m/n/10.95 RF|  
 []


Underfull \hbox (badness 1052) in paragraph at lines 139--139
 []| \T1/ppl/m/n/10.95 213|
 []


Underfull \hbox (badness 1112) in paragraph at lines 139--139
 []| \T1/ppl/m/n/10.95 195|
 []


Overfull \hbox (20.15286pt too wide) in paragraph at lines 139--139
\T1/ppl/m/n/10.95 SGD|  
 []


Underfull \hbox (badness 1052) in paragraph at lines 139--139
 []| \T1/ppl/m/n/10.95 613|
 []


Underfull \hbox (badness 1112) in paragraph at lines 139--139
 []| \T1/ppl/m/n/10.95 720|
 []


Overfull \hbox (21.58737pt too wide) in paragraph at lines 139--139
\T1/ppl/m/n/10.95 SVM|  
 []


Underfull \hbox (badness 1052) in paragraph at lines 139--139
 []| \T1/ppl/m/n/10.95 722|
 []


Underfull \hbox (badness 1112) in paragraph at lines 139--139
 []| \T1/ppl/m/n/10.95 945|
 []


Underfull \hbox (badness 1038) in paragraph at lines 191--191
 []| \T1/ppl/b/n/10.95 scikit-learn| 
 []


Underfull \hbox (badness 2020) in paragraph at lines 191--191
 []| \T1/ppl/b/n/10.95 WE-KA| 
 []


Overfull \hbox (12.17043pt too wide) in paragraph at lines 191--191
\T1/ppl/m/n/10.95 J48|  
 []


Overfull \hbox (23.72244pt too wide) in paragraph at lines 191--191
\T1/ppl/m/n/10.95 KNN|  
 []


Overfull \hbox (11.57909pt too wide) in paragraph at lines 191--191
\T1/ppl/m/n/10.95 LR|  
 []


Underfull \hbox (badness 2452) in paragraph at lines 191--191
 []||
 []


Underfull \hbox (badness 2452) in paragraph at lines 191--191
 []||
 []


Underfull \hbox (badness 2452) in paragraph at lines 191--191
 []||
 []


Overfull \hbox (13.36394pt too wide) in paragraph at lines 191--191
\T1/ppl/m/n/10.95 NB|  
 []


Overfull \hbox (15.77287pt too wide) in paragraph at lines 191--191
\T1/ppl/m/n/10.95 NN|  
 []


Overfull \hbox (12.65216pt too wide) in paragraph at lines 191--191
\T1/ppl/m/n/10.95 RC|  
 []


Underfull \hbox (badness 2452) in paragraph at lines 191--191
 []||
 []


Underfull \hbox (badness 2452) in paragraph at lines 191--191
 []||
 []


Underfull \hbox (badness 2452) in paragraph at lines 191--191
 []||
 []


Overfull \hbox (10.97678pt too wide) in paragraph at lines 191--191
\T1/ppl/m/n/10.95 RF|  
 []


Overfull \hbox (20.15286pt too wide) in paragraph at lines 191--191
\T1/ppl/m/n/10.95 SGD|  
 []


Overfull \hbox (21.58737pt too wide) in paragraph at lines 191--191
\T1/ppl/m/n/10.95 SVM|  
 []

<images/dt_scikit.png, id=790, 411.03563pt x 316.18124pt>
File: images/dt_scikit.png Graphic file (type png)
<use images/dt_scikit.png>
Package pdftex.def Info: images/dt_scikit.png  used on input line 196.
(pdftex.def)             Requested size: 113.81102pt x 87.54593pt.
<images/j48_weka.png, id=791, 418.56375pt x 319.1925pt>
File: images/j48_weka.png Graphic file (type png)
<use images/j48_weka.png>
Package pdftex.def Info: images/j48_weka.png  used on input line 197.
(pdftex.def)             Requested size: 113.81102pt x 86.78706pt.
<images/nn_scikit.png, id=792, 416.30531pt x 316.18124pt>
File: images/nn_scikit.png Graphic file (type png)
<use images/nn_scikit.png>
Package pdftex.def Info: images/nn_scikit.png  used on input line 198.
(pdftex.def)             Requested size: 113.81102pt x 86.4363pt.
<images/nn_weka.png, id=793, 422.32782pt x 320.69812pt>
File: images/nn_weka.png Graphic file (type png)
<use images/nn_weka.png>
Package pdftex.def Info: images/nn_weka.png  used on input line 199.
(pdftex.def)             Requested size: 113.81102pt x 86.42326pt.
<images/knn_scikit.png, id=794, 415.5525pt x 316.18124pt>
File: images/knn_scikit.png Graphic file (type png)
<use images/knn_scikit.png>
Package pdftex.def Info: images/knn_scikit.png  used on input line 201.
(pdftex.def)             Requested size: 113.81102pt x 86.5955pt.
<images/knn_weka.png, id=795, 417.81094pt x 322.95656pt>
File: images/knn_weka.png Graphic file (type png)
<use images/knn_weka.png>
Package pdftex.def Info: images/knn_weka.png  used on input line 202.
(pdftex.def)             Requested size: 113.81102pt x 87.97311pt.
<images/rf_scikit.png, id=796, 416.30531pt x 318.43968pt>
File: images/rf_scikit.png Graphic file (type png)
<use images/rf_scikit.png>
Package pdftex.def Info: images/rf_scikit.png  used on input line 203.
(pdftex.def)             Requested size: 113.81102pt x 87.0537pt.
<images/rf_weka.png, id=797, 419.31656pt x 319.94531pt>
File: images/rf_weka.png Graphic file (type png)
<use images/rf_weka.png>
Package pdftex.def Info: images/rf_weka.png  used on input line 204.
(pdftex.def)             Requested size: 113.81102pt x 86.83553pt.
<images/rc_scikit.png, id=798, 416.30531pt x 318.43968pt>
File: images/rc_scikit.png Graphic file (type png)
<use images/rc_scikit.png>
Package pdftex.def Info: images/rc_scikit.png  used on input line 206.
(pdftex.def)             Requested size: 113.81102pt x 87.0537pt.
<images/lr_weka.png, id=799, 416.30531pt x 322.20375pt>
File: images/lr_weka.png Graphic file (type png)
<use images/lr_weka.png>
Package pdftex.def Info: images/lr_weka.png  used on input line 207.
(pdftex.def)             Requested size: 113.81102pt x 88.0827pt.
<images/sgd_scikit.png, id=800, 416.30531pt x 318.43968pt>
File: images/sgd_scikit.png Graphic file (type png)
<use images/sgd_scikit.png>
Package pdftex.def Info: images/sgd_scikit.png  used on input line 208.
(pdftex.def)             Requested size: 113.81102pt x 87.0537pt.
<images/sgd_weka.png, id=801, 419.31656pt x 322.20375pt>
File: images/sgd_weka.png Graphic file (type png)
<use images/sgd_weka.png>
Package pdftex.def Info: images/sgd_weka.png  used on input line 209.
(pdftex.def)             Requested size: 113.81102pt x 87.44847pt.
<images/nb_scikit.png, id=802, 419.31656pt x 318.43968pt>
File: images/nb_scikit.png Graphic file (type png)
<use images/nb_scikit.png>
Package pdftex.def Info: images/nb_scikit.png  used on input line 211.
(pdftex.def)             Requested size: 113.81102pt x 86.42688pt.
<images/nb_weka.png, id=803, 418.56375pt x 324.46219pt>
File: images/nb_weka.png Graphic file (type png)
<use images/nb_weka.png>
Package pdftex.def Info: images/nb_weka.png  used on input line 212.
(pdftex.def)             Requested size: 113.81102pt x 88.21986pt.
<images/svm_scikit.png, id=804, 420.06938pt x 318.43968pt>
File: images/svm_scikit.png Graphic file (type png)
<use images/svm_scikit.png>
Package pdftex.def Info: images/svm_scikit.png  used on input line 213.
(pdftex.def)             Requested size: 113.81102pt x 86.27626pt.
<images/svm_weka.png, id=805, 424.58624pt x 316.18124pt>
File: images/svm_weka.png Graphic file (type png)
<use images/svm_weka.png>
Package pdftex.def Info: images/svm_weka.png  used on input line 214.
(pdftex.def)             Requested size: 113.81102pt x 84.75253pt.
<images/dt_scikit_file.png, id=806, 416.30531pt x 318.43968pt>
File: images/dt_scikit_file.png Graphic file (type png)
<use images/dt_scikit_file.png>
Package pdftex.def Info: images/dt_scikit_file.png  used on input line 220.
(pdftex.def)             Requested size: 113.81102pt x 87.0537pt.
<images/j48_weka_file.png, id=807, 417.05812pt x 324.46219pt>
File: images/j48_weka_file.png Graphic file (type png)
<use images/j48_weka_file.png>
Package pdftex.def Info: images/j48_weka_file.png  used on input line 221.
(pdftex.def)             Requested size: 113.81102pt x 88.54167pt.
<images/nn_scikit_file.png, id=808, 417.81094pt x 319.1925pt>
File: images/nn_scikit_file.png Graphic file (type png)
<use images/nn_scikit_file.png>
Package pdftex.def Info: images/nn_scikit_file.png  used on input line 222.
(pdftex.def)             Requested size: 113.81102pt x 86.94778pt.
<images/nn_weka_file.png, id=809, 421.575pt x 322.20375pt>
File: images/nn_weka_file.png Graphic file (type png)
<use images/nn_weka_file.png>
Package pdftex.def Info: images/nn_weka_file.png  used on input line 223.
(pdftex.def)             Requested size: 113.81102pt x 86.98141pt.
<images/knn_scikit_file.png, id=810, 417.81094pt x 318.43968pt>
File: images/knn_scikit_file.png Graphic file (type png)
<use images/knn_scikit_file.png>
Package pdftex.def Info: images/knn_scikit_file.png  used on input line 225.
(pdftex.def)             Requested size: 113.81102pt x 86.74272pt.
<images/knn_weka_file.png, id=811, 418.56375pt x 319.94531pt>
File: images/knn_weka_file.png Graphic file (type png)
<use images/knn_weka_file.png>
Package pdftex.def Info: images/knn_weka_file.png  used on input line 226.
(pdftex.def)             Requested size: 113.81102pt x 86.99174pt.
<images/rf_scikit_file.png, id=812, 416.30531pt x 321.45094pt>
File: images/rf_scikit_file.png Graphic file (type png)
<use images/rf_scikit_file.png>
Package pdftex.def Info: images/rf_scikit_file.png  used on input line 227.
(pdftex.def)             Requested size: 113.81102pt x 87.87689pt.
<images/rf_weka_file.png, id=813, 420.06938pt x 319.1925pt>
File: images/rf_weka_file.png Graphic file (type png)
<use images/rf_weka_file.png>
Package pdftex.def Info: images/rf_weka_file.png  used on input line 228.
(pdftex.def)             Requested size: 113.81102pt x 86.48022pt.
<images/rc_scikit_file.png, id=814, 417.05812pt x 316.93407pt>
File: images/rc_scikit_file.png Graphic file (type png)
<use images/rc_scikit_file.png>
Package pdftex.def Info: images/rc_scikit_file.png  used on input line 230.
(pdftex.def)             Requested size: 113.81102pt x 86.48734pt.
<images/lr_weka_file.png, id=815, 419.31656pt x 322.95656pt>
File: images/lr_weka_file.png Graphic file (type png)
<use images/lr_weka_file.png>
Package pdftex.def Info: images/lr_weka_file.png  used on input line 231.
(pdftex.def)             Requested size: 113.81102pt x 87.6528pt.
<images/sgd_scikit_file.png, id=816, 417.05812pt x 316.93407pt>
File: images/sgd_scikit_file.png Graphic file (type png)
<use images/sgd_scikit_file.png>
Package pdftex.def Info: images/sgd_scikit_file.png  used on input line 232.
(pdftex.def)             Requested size: 113.81102pt x 86.48734pt.
<images/sgd_weka_file.png, id=817, 421.575pt x 319.94531pt>
File: images/sgd_weka_file.png Graphic file (type png)
<use images/sgd_weka_file.png>
Package pdftex.def Info: images/sgd_weka_file.png  used on input line 233.
(pdftex.def)             Requested size: 113.81102pt x 86.37173pt.
<images/nb_scikit_file.png, id=818, 416.30531pt x 315.42844pt>
File: images/nb_scikit_file.png Graphic file (type png)
<use images/nb_scikit_file.png>
Package pdftex.def Info: images/nb_scikit_file.png  used on input line 235.
(pdftex.def)             Requested size: 113.81102pt x 86.23048pt.
<images/nb_weka_file.png, id=819, 422.32782pt x 319.94531pt>
File: images/nb_weka_file.png Graphic file (type png)
<use images/nb_weka_file.png>
Package pdftex.def Info: images/nb_weka_file.png  used on input line 236.
(pdftex.def)             Requested size: 113.81102pt x 86.2204pt.
<images/svm_scikit_file.png, id=820, 417.81094pt x 316.18124pt>
File: images/svm_scikit_file.png Graphic file (type png)
<use images/svm_scikit_file.png>
Package pdftex.def Info: images/svm_scikit_file.png  used on input line 237.
(pdftex.def)             Requested size: 113.81102pt x 86.12752pt.
<images/svm_weka_file.png, id=821, 420.82219pt x 321.45094pt>
File: images/svm_weka_file.png Graphic file (type png)
<use images/svm_weka_file.png>
Package pdftex.def Info: images/svm_weka_file.png  used on input line 238.
(pdftex.def)             Requested size: 113.81102pt x 86.93515pt.
<images/feat_final_scikit.png, id=822, 883.80188pt x 526.96875pt>
File: images/feat_final_scikit.png Graphic file (type png)
<use images/feat_final_scikit.png>
Package pdftex.def Info: images/feat_final_scikit.png  used on input line 244.
(pdftex.def)             Requested size: 227.62204pt x 135.71405pt.
<images/feat_final_weka.png, id=823, 878.53218pt x 518.6878pt>
File: images/feat_final_weka.png Graphic file (type png)
<use images/feat_final_weka.png>
Package pdftex.def Info: images/feat_final_weka.png  used on input line 245.
(pdftex.def)             Requested size: 227.62204pt x 134.38869pt.
<images/file_final_scikit.png, id=824, 880.03781pt x 521.69907pt>
File: images/file_final_scikit.png Graphic file (type png)
<use images/file_final_scikit.png>
Package pdftex.def Info: images/file_final_scikit.png  used on input line 251.
(pdftex.def)             Requested size: 227.62204pt x 134.93803pt.
<images/file_final_weka.png, id=825, 876.27374pt x 520.94624pt>
File: images/file_final_weka.png Graphic file (type png)
<use images/file_final_weka.png>
Package pdftex.def Info: images/file_final_weka.png  used on input line 252.
(pdftex.def)             Requested size: 227.62204pt x 135.31564pt.

Overfull \hbox (12.20113pt too wide) in paragraph at lines 308--308
 \T1/ppl/m/n/10.95 DT| 
 []


Overfull \hbox (23.16193pt too wide) in paragraph at lines 308--308
 \T1/ppl/m/n/10.95 KNN| 
 []


Overfull \hbox (12.80342pt too wide) in paragraph at lines 308--308
 \T1/ppl/m/n/10.95 NB| 
 []


Overfull \hbox (15.21236pt too wide) in paragraph at lines 308--308
 \T1/ppl/m/n/10.95 NN| 
 []


Overfull \hbox (12.09164pt too wide) in paragraph at lines 308--308
 \T1/ppl/m/n/10.95 RC| 
 []


Overfull \hbox (10.41626pt too wide) in paragraph at lines 308--308
 \T1/ppl/m/n/10.95 RF| 
 []


Overfull \hbox (19.59235pt too wide) in paragraph at lines 308--308
 \T1/ppl/m/n/10.95 SGD| 
 []


Overfull \hbox (21.02686pt too wide) in paragraph at lines 308--308
 \T1/ppl/m/n/10.95 SVM| 
 []


Overfull \hbox (12.20113pt too wide) in paragraph at lines 363--363
 \T1/ppl/m/n/10.95 DT| 
 []


Overfull \hbox (23.16193pt too wide) in paragraph at lines 363--363
 \T1/ppl/m/n/10.95 KNN| 
 []


Overfull \hbox (11.01857pt too wide) in paragraph at lines 363--363
 \T1/ppl/m/n/10.95 LR| 
 []


Overfull \hbox (12.80342pt too wide) in paragraph at lines 363--363
 \T1/ppl/m/n/10.95 NB| 
 []


Overfull \hbox (15.21236pt too wide) in paragraph at lines 363--363
 \T1/ppl/m/n/10.95 NN| 
 []


Overfull \hbox (10.41626pt too wide) in paragraph at lines 363--363
 \T1/ppl/m/n/10.95 RF| 
 []


Overfull \hbox (19.59235pt too wide) in paragraph at lines 363--363
 \T1/ppl/m/n/10.95 SGD| 
 []


Overfull \hbox (21.02686pt too wide) in paragraph at lines 363--363
 \T1/ppl/m/n/10.95 SVM| 
 []


Overfull \hbox (6.79999pt too wide) in paragraph at lines 367--368
[][] 
 []


Overfull \hbox (5.09938pt too wide) in paragraph at lines 372--373
\T1/ppl/m/n/10.95 Zum bes-se-ren Ver-gleich der Er-geb-nis-se des Da-ten-sets m
it neu-ar-ti-ger Fo-kus-sie-rung auf Software-
 []

[36] [37 <./images/roc_ideal.png (PNG copy)> <./images/roc_ideal_curve.png (PNG
 copy)> <./images/roc_normal.png (PNG copy)> <./images/roc_normal_curve.png (PN
G copy)> <./images/roc_worst.png (PNG copy)> <./images/roc_worst_curve.png (PNG
 copy)> <./images/roc_neg.png (PNG copy)> <./images/roc_neg_curve.png (PNG copy
)>] [38 <./images/dt_scikit.png> <./images/j48_weka.png> <./images/nn_scikit.pn
g> <./images/nn_weka.png> <./images/knn_scikit.png> <./images/knn_weka.png> <./
images/rf_scikit.png> <./images/rf_weka.png> <./images/rc_scikit.png> <./images
/lr_weka.png> <./images/sgd_scikit.png> <./images/sgd_weka.png> <./images/nb_sc
ikit.png> <./images/nb_weka.png> <./images/svm_scikit.png> <./images/svm_weka.p
ng>] [39 <./images/dt_scikit_file.png> <./images/j48_weka_file.png> <./images/n
n_scikit_file.png> <./images/nn_weka_file.png> <./images/knn_scikit_file.png> <
./images/knn_weka_file.png> <./images/rf_scikit_file.png> <./images/rf_weka_fil
e.png> <./images/rc_scikit_file.png> <./images/lr_weka_file.png> <./images/sgd_
scikit_file.png> <./images/sgd_weka_file.png> <./images/nb_scikit_file.png> <./
images/nb_weka_file.png> <./images/svm_scikit_file.png> <./images/svm_weka_file
.png> <./images/feat_final_scikit.png> <./images/feat_final_weka.png>]
Overfull \hbox (6.79999pt too wide) in paragraph at lines 406--407
[][] 
 []


Overfull \hbox (12.03575pt too wide) in paragraph at lines 452--452
\T1/ppl/m/n/10.95 J48|  
 []


Underfull \hbox (badness 1178) in paragraph at lines 452--452
 []| \T1/ppl/m/n/10.95 394|
 []


Underfull \hbox (badness 1178) in paragraph at lines 452--452
 []| \T1/ppl/m/n/10.95 258|
 []


Overfull \hbox (23.58777pt too wide) in paragraph at lines 452--452
\T1/ppl/m/n/10.95 KNN|  
 []


Underfull \hbox (badness 1178) in paragraph at lines 452--452
 []| \T1/ppl/m/n/10.95 928|
 []


Underfull \hbox (badness 1178) in paragraph at lines 452--452
 []| \T1/ppl/m/n/10.95 242|
 []


Overfull \hbox (11.44441pt too wide) in paragraph at lines 452--452
\T1/ppl/m/n/10.95 LR|  
 []


Underfull \hbox (badness 1178) in paragraph at lines 452--452
 []| \T1/ppl/m/n/10.95 785|
 []


Overfull \hbox (13.22926pt too wide) in paragraph at lines 452--452
\T1/ppl/m/n/10.95 NB|  
 []


Underfull \hbox (badness 1609) in paragraph at lines 452--452
 []| \T1/ppl/m/n/10.95 28|
 []


Underfull \hbox (badness 1178) in paragraph at lines 452--452
 []| \T1/ppl/m/n/10.95 698|
 []


Underfull \hbox (badness 1609) in paragraph at lines 452--452
 []| \T1/ppl/m/n/10.95 15|
 []


Underfull \hbox (badness 1609) in paragraph at lines 452--452
 []| \T1/ppl/m/n/10.95 43|
 []


Overfull \hbox (15.6382pt too wide) in paragraph at lines 452--452
\T1/ppl/m/n/10.95 NN|  
 []


Underfull \hbox (badness 1178) in paragraph at lines 452--452
 []| \T1/ppl/m/n/10.95 433|
 []


Overfull \hbox (10.8421pt too wide) in paragraph at lines 452--452
\T1/ppl/m/n/10.95 RF|  
 []


Underfull \hbox (badness 1178) in paragraph at lines 452--452
 []| \T1/ppl/m/n/10.95 342|
 []


Underfull \hbox (badness 1609) in paragraph at lines 452--452
 []| \T1/ppl/m/n/10.95 79|
 []


Overfull \hbox (20.01819pt too wide) in paragraph at lines 452--452
\T1/ppl/m/n/10.95 SGD|  
 []


Underfull \hbox (badness 1178) in paragraph at lines 452--452
 []| \T1/ppl/m/n/10.95 841|
 []


Overfull \hbox (21.4527pt too wide) in paragraph at lines 452--452
\T1/ppl/m/n/10.95 SVM|  
 []


Underfull \hbox (badness 1178) in paragraph at lines 452--452
 []| \T1/ppl/m/n/10.95 613|
 []


LaTeX Warning: No positions in optional float specifier.
               Default added (so using `tbp') on input line 456.

<images/Klasseval.png, id=926, 815.29594pt x 532.23843pt>
File: images/Klasseval.png Graphic file (type png)
<use images/Klasseval.png>
Package pdftex.def Info: images/Klasseval.png  used on input line 458.
(pdftex.def)             Requested size: 455.24408pt x 297.19063pt.
<images/j48_eval_feat.png, id=927, 418.56375pt x 320.69812pt>
File: images/j48_eval_feat.png Graphic file (type png)
<use images/j48_eval_feat.png>
Package pdftex.def Info: images/j48_eval_feat.png  used on input line 464.
(pdftex.def)             Requested size: 113.81102pt x 87.19643pt.
<images/j48_eval.png, id=928, 414.79968pt x 319.94531pt>
File: images/j48_eval.png Graphic file (type png)
<use images/j48_eval.png>
Package pdftex.def Info: images/j48_eval.png  used on input line 465.
(pdftex.def)             Requested size: 113.81102pt x 87.78262pt.
<images/nn_eval_feat.png, id=931, 418.56375pt x 320.69812pt>
File: images/nn_eval_feat.png Graphic file (type png)
<use images/nn_eval_feat.png>
Package pdftex.def Info: images/nn_eval_feat.png  used on input line 466.
(pdftex.def)             Requested size: 113.81102pt x 87.19643pt.
<images/nn_eval.png, id=932, 417.81094pt x 321.45094pt>
File: images/nn_eval.png Graphic file (type png)
<use images/nn_eval.png>
Package pdftex.def Info: images/nn_eval.png  used on input line 467.
(pdftex.def)             Requested size: 113.81102pt x 87.56299pt.
<images/knn_eval_feat.png, id=935, 419.31656pt x 319.1925pt>
File: images/knn_eval_feat.png Graphic file (type png)
<use images/knn_eval_feat.png>
Package pdftex.def Info: images/knn_eval_feat.png  used on input line 469.
(pdftex.def)             Requested size: 113.81102pt x 86.6312pt.
<images/knn_eval.png, id=936, 418.56375pt x 323.70938pt>
File: images/knn_eval.png Graphic file (type png)
<use images/knn_eval.png>
Package pdftex.def Info: images/knn_eval.png  used on input line 470.
(pdftex.def)             Requested size: 113.81102pt x 88.01518pt.
<images/rf_eval_feat.png, id=939, 417.05812pt x 323.70938pt>
File: images/rf_eval_feat.png Graphic file (type png)
<use images/rf_eval_feat.png>
Package pdftex.def Info: images/rf_eval_feat.png  used on input line 471.
(pdftex.def)             Requested size: 113.81102pt x 88.33624pt.
<images/rf_eval.png, id=940, 420.06938pt x 319.94531pt>
File: images/rf_eval.png Graphic file (type png)
<use images/rf_eval.png>
Package pdftex.def Info: images/rf_eval.png  used on input line 472.
(pdftex.def)             Requested size: 113.81102pt x 86.68417pt.
<images/lr_eval_feat.png, id=943, 419.31656pt x 319.1925pt>
File: images/lr_eval_feat.png Graphic file (type png)
<use images/lr_eval_feat.png>
Package pdftex.def Info: images/lr_eval_feat.png  used on input line 474.
(pdftex.def)             Requested size: 113.81102pt x 86.6312pt.
<images/lr_eval.png, id=944, 417.81094pt x 321.45094pt>
File: images/lr_eval.png Graphic file (type png)
<use images/lr_eval.png>
Package pdftex.def Info: images/lr_eval.png  used on input line 475.
(pdftex.def)             Requested size: 113.81102pt x 87.56299pt.
<images/sgd_eval_feat.png, id=947, 417.05812pt x 316.18124pt>
File: images/sgd_eval_feat.png Graphic file (type png)
<use images/sgd_eval_feat.png>
Package pdftex.def Info: images/sgd_eval_feat.png  used on input line 476.
(pdftex.def)             Requested size: 113.81102pt x 86.2819pt.
<images/sgd_eval.png, id=948, 415.5525pt x 319.1925pt>
File: images/sgd_eval.png Graphic file (type png)
<use images/sgd_eval.png>
Package pdftex.def Info: images/sgd_eval.png  used on input line 477.
(pdftex.def)             Requested size: 113.81102pt x 87.42023pt.
<images/nb_eval_feat.png, id=951, 422.32782pt x 314.67563pt>
File: images/nb_eval_feat.png Graphic file (type png)
<use images/nb_eval_feat.png>
Package pdftex.def Info: images/nb_eval_feat.png  used on input line 479.
(pdftex.def)             Requested size: 113.81102pt x 84.8003pt.
<images/nb_eval.png, id=952, 422.32782pt x 322.95656pt>
File: images/nb_eval.png Graphic file (type png)
<use images/nb_eval.png>
Package pdftex.def Info: images/nb_eval.png  used on input line 480.
(pdftex.def)             Requested size: 113.81102pt x 87.03188pt.
<images/svm_eval_feat.png, id=955, 417.05812pt x 318.43968pt>
File: images/svm_eval_feat.png Graphic file (type png)
<use images/svm_eval_feat.png>
Package pdftex.def Info: images/svm_eval_feat.png  used on input line 481.
(pdftex.def)             Requested size: 113.81102pt x 86.89821pt.
<images/svm_eval.png, id=956, 417.05812pt x 319.1925pt>
File: images/svm_eval.png Graphic file (type png)
<use images/svm_eval.png>
Package pdftex.def Info: images/svm_eval.png  used on input line 482.
(pdftex.def)             Requested size: 113.81102pt x 87.10364pt.

Underfull \hbox (badness 10000) in paragraph at lines 489--489
[][]|\T1/ppl/m/n/10 Er-geb-nis-se der Eva-lua-ti-ons-me-tri-ken des nicht-featu
rebasierten Ver-gleichs
 []


Overfull \hbox (11.89786pt too wide) in paragraph at lines 539--539
 \T1/ppl/m/n/10.95 DT| 
 []


Overfull \hbox (22.85866pt too wide) in paragraph at lines 539--539
 \T1/ppl/m/n/10.95 KNN| 
 []


Overfull \hbox (10.7153pt too wide) in paragraph at lines 539--539
 \T1/ppl/m/n/10.95 LR| 
 []


Overfull \hbox (12.50015pt too wide) in paragraph at lines 539--539
 \T1/ppl/m/n/10.95 NB| 
 []


Overfull \hbox (14.90909pt too wide) in paragraph at lines 539--539
 \T1/ppl/m/n/10.95 NN| 
 []


Overfull \hbox (10.11299pt too wide) in paragraph at lines 539--539
 \T1/ppl/m/n/10.95 RF| 
 []


Overfull \hbox (19.28908pt too wide) in paragraph at lines 539--539
 \T1/ppl/m/n/10.95 SGD| 
 []


Overfull \hbox (20.72359pt too wide) in paragraph at lines 539--539
 \T1/ppl/m/n/10.95 SVM| 
 []

[40] [41 <./images/file_final_scikit.png> <./images/file_final_weka.png> <./ima
ges/Klasseval.png>] [42 <./images/j48_eval_feat.png> <./images/j48_eval.png> <.
/images/nn_eval_feat.png> <./images/nn_eval.png> <./images/knn_eval_feat.png> <
./images/knn_eval.png> <./images/rf_eval_feat.png> <./images/rf_eval.png> <./im
ages/lr_eval_feat.png> <./images/lr_eval.png> <./images/sgd_eval_feat.png> <./i
mages/sgd_eval.png> <./images/nb_eval_feat.png> <./images/nb_eval.png> <./image
s/svm_eval_feat.png> <./images/svm_eval.png>] [43] [44] [45] [46] [47] [48])
\openout2 = `content/conclusion.aux'.


(content/conclusion.tex
Kapitel 6.

Underfull \hbox (badness 10000) in paragraph at lines 6--8

 []

[49




] [50

])
Overfull \hbox (0.1655pt too wide) in paragraph at lines 115--115
\T1/pcr/m/n/10.95 machine -[] introduction -[] to -[] machine -[] learning -[] 
algorithms -[] 934a444fca47$[]\T1/ppl/m/n/10.95 . 
 []

[51


]
Overfull \hbox (0.87683pt too wide) in paragraph at lines 115--115
\T1/ppl/m/it/10.95 ning soft-wa-re re-po-si-to-ries - MSR '08\T1/ppl/m/n/10.95 
. ACM Press, 2008. \T1/ppl/m/sc/10.95 doi\T1/ppl/m/n/10.95 : []$\T1/pcr/m/n/10.
95 10 . 1145 / 1370750 . 1370759$[]\T1/ppl/m/n/10.95 . 
 []

[52]
Overfull \hbox (14.26527pt too wide) in paragraph at lines 115--115
\T1/ppl/m/n/10.95 2019. \T1/ppl/m/sc/10.95 url\T1/ppl/m/n/10.95 : []$\T1/pcr/m/
n/10.95 https : / / towardsdatascience . com / stochastic -[] gradient -[] desc
ent -[]
 []

[53]
Anhang A.
[54

]
Anhang B.

Overfull \hbox (12.0519pt too wide) in paragraph at lines 236--236
 \T1/ppl/m/n/10.95 DT| 
 []


Overfull \hbox (23.0127pt too wide) in paragraph at lines 236--236
 \T1/ppl/m/n/10.95 KNN| 
 []


Overfull \hbox (12.65419pt too wide) in paragraph at lines 236--236
 \T1/ppl/m/n/10.95 NB| 
 []


Overfull \hbox (15.06313pt too wide) in paragraph at lines 236--236
 \T1/ppl/m/n/10.95 NN| 
 []


Overfull \hbox (11.94241pt too wide) in paragraph at lines 236--236
 \T1/ppl/m/n/10.95 RC| 
 []


Overfull \hbox (10.26703pt too wide) in paragraph at lines 236--236
 \T1/ppl/m/n/10.95 RF| 
 []


Overfull \hbox (19.44312pt too wide) in paragraph at lines 236--236
 \T1/ppl/m/n/10.95 SGD| 
 []


Overfull \hbox (20.87762pt too wide) in paragraph at lines 236--236
 \T1/ppl/m/n/10.95 SVM| 
 []


Overfull \hbox (11.89786pt too wide) in paragraph at lines 315--315
 \T1/ppl/m/n/10.95 DT| 
 []


Overfull \hbox (22.85866pt too wide) in paragraph at lines 315--315
 \T1/ppl/m/n/10.95 KNN| 
 []


Overfull \hbox (10.7153pt too wide) in paragraph at lines 315--315
 \T1/ppl/m/n/10.95 LR| 
 []


Overfull \hbox (12.50015pt too wide) in paragraph at lines 315--315
 \T1/ppl/m/n/10.95 NB| 
 []


Overfull \hbox (14.90909pt too wide) in paragraph at lines 315--315
 \T1/ppl/m/n/10.95 NN| 
 []


Overfull \hbox (10.11299pt too wide) in paragraph at lines 315--315
 \T1/ppl/m/n/10.95 RF| 
 []


Overfull \hbox (19.28908pt too wide) in paragraph at lines 315--315
 \T1/ppl/m/n/10.95 SGD| 
 []


Overfull \hbox (20.72359pt too wide) in paragraph at lines 315--315
 \T1/ppl/m/n/10.95 SVM| 
 []


Overfull \hbox (11.89786pt too wide) in paragraph at lines 394--394
 \T1/ppl/m/n/10.95 DT| 
 []


Overfull \hbox (22.85866pt too wide) in paragraph at lines 394--394
 \T1/ppl/m/n/10.95 KNN| 
 []


Overfull \hbox (10.7153pt too wide) in paragraph at lines 394--394
 \T1/ppl/m/n/10.95 LR| 
 []


Overfull \hbox (12.50015pt too wide) in paragraph at lines 394--394
 \T1/ppl/m/n/10.95 NB| 
 []


Overfull \hbox (14.90909pt too wide) in paragraph at lines 394--394
 \T1/ppl/m/n/10.95 NN| 
 []


Overfull \hbox (10.11299pt too wide) in paragraph at lines 394--394
 \T1/ppl/m/n/10.95 RF| 
 []


Overfull \hbox (19.28908pt too wide) in paragraph at lines 394--394
 \T1/ppl/m/n/10.95 SGD| 
 []


Overfull \hbox (20.72359pt too wide) in paragraph at lines 394--394
 \T1/ppl/m/n/10.95 SVM| 
 []

Package atveryend Info: Empty hook `BeforeClearDocument' on input line 397.
[55

] [56] [57] [58]
Package atveryend Info: Empty hook `AfterLastShipout' on input line 397.
 (thesis.aux (content/abstract.aux) (content/note.aux)
(content/introduction.aux) (content/background.aux) (content/dataset.aux)
(content/classifier.aux) (content/evaluation.aux) (content/conclusion.aux))
Package atveryend Info: Executing hook `AtVeryEndDocument' on input line 397.
Package atveryend Info: Executing hook `AtEndAfterFileList' on input line 397.
Package rerunfilecheck Info: File `thesis.out' has not changed.
(rerunfilecheck)             Checksum: 82A32E6656BAA64E339225EC047D4CE1;1963.


LaTeX Warning: There were undefined references.

Package logreq Info: Writing requests to 'thesis.run.xml'.
\openout1 = `thesis.run.xml'.

 ) 
Here is how much of TeX's memory you used:
 22597 strings out of 481565
 387502 string characters out of 2914179
 1421463 words of memory out of 3000000
 36975 multiletter control sequences out of 15000+200000
 576258 words of font info for 106 fonts, out of 3000000 for 9000
 1143 hyphenation exceptions out of 8191
 63i,24n,100p,2484b,3182s stack positions out of 5000i,500n,10000p,200000b,50000s
{C:/Users/stefa/AppData/Local/Programs/MiKTeX 2.9/fonts/enc/dvips/base/8r.enc
}<C:/Users/stefa/AppData/Local/Programs/MiKTeX 2.9/fonts/type1/public/amsfonts/
cm/cmex10.pfb><C:/Users/stefa/AppData/Local/Programs/MiKTeX 2.9/fonts/type1/pub
lic/amsfonts/cmextra/cmex8.pfb><C:/Users/stefa/AppData/Local/Programs/MiKTeX 2.
9/fonts/type1/public/amsfonts/cm/cmmi10.pfb><C:/Users/stefa/AppData/Local/Progr
ams/MiKTeX 2.9/fonts/type1/public/amsfonts/cm/cmmi6.pfb><C:/Users/stefa/AppData
/Local/Programs/MiKTeX 2.9/fonts/type1/public/amsfonts/cm/cmmi8.pfb><C:/Users/s
tefa/AppData/Local/Programs/MiKTeX 2.9/fonts/type1/public/amsfonts/cm/cmr10.pfb
><C:/Users/stefa/AppData/Local/Programs/MiKTeX 2.9/fonts/type1/public/amsfonts/
cm/cmr6.pfb><C:/Users/stefa/AppData/Local/Programs/MiKTeX 2.9/fonts/type1/publi
c/amsfonts/cm/cmr8.pfb><C:/Users/stefa/AppData/Local/Programs/MiKTeX 2.9/fonts/
type1/public/amsfonts/cm/cmsy10.pfb><C:/Users/stefa/AppData/Local/Programs/MiKT
eX 2.9/fonts/type1/public/amsfonts/cm/cmsy8.pfb><C:/Users/stefa/AppData/Local/P
rograms/MiKTeX 2.9/fonts/type1/public/amsfonts/symbols/msam10.pfb><C:/Users/ste
fa/AppData/Local/Programs/MiKTeX 2.9/fonts/type1/urw/courier/ucrb8a.pfb><C:/Use
rs/stefa/AppData/Local/Programs/MiKTeX 2.9/fonts/type1/urw/courier/ucrr8a.pfb><
C:/Users/stefa/AppData/Local/Programs/MiKTeX 2.9/fonts/type1/urw/helvetic/uhvr8
a.pfb><C:/Users/stefa/AppData/Local/Programs/MiKTeX 2.9/fonts/type1/urw/palatin
o/uplb8a.pfb><C:/Users/stefa/AppData/Local/Programs/MiKTeX 2.9/fonts/type1/urw/
palatino/uplr8a.pfb><C:/Users/stefa/AppData/Local/Programs/MiKTeX 2.9/fonts/typ
e1/urw/palatino/uplri8a.pfb>
Output written on thesis.pdf (69 pages, 2496301 bytes).
PDF statistics:
 1284 PDF objects out of 1440 (max. 8388607)
 310 named destinations out of 1000 (max. 500000)
 627 words of extra memory for PDF output out of 10000 (max. 10000000)

