\BOOKMARK [0][-]{chapter.1}{Einleitung und Motivation}{}% 1
\BOOKMARK [1][-]{section.1.1}{Forschungsziele und Forschungsfragen}{chapter.1}% 2
\BOOKMARK [1][-]{section.1.2}{Forschungsdesign}{chapter.1}% 3
\BOOKMARK [1][-]{section.1.3}{Aufbau der Arbeit}{chapter.1}% 4
\BOOKMARK [0][-]{chapter.2}{Hintergrund}{}% 5
\BOOKMARK [1][-]{section.2.1}{Featurebasierte Softwareentwicklung}{chapter.2}% 6
\BOOKMARK [1][-]{section.2.2}{Machine-Learning-Klassifikation}{chapter.2}% 7
\BOOKMARK [1][-]{section.2.3}{Fehlervorhersage mittels Machine Learning}{chapter.2}% 8
\BOOKMARK [0][-]{chapter.3}{Erstellung eines featurebasierten Datensets}{}% 9
\BOOKMARK [1][-]{section.3.1}{Datenauswahl}{chapter.3}% 10
\BOOKMARK [1][-]{section.3.2}{Konstruktion des Datensets}{chapter.3}% 11
\BOOKMARK [1][-]{section.3.3}{Metriken}{chapter.3}% 12
\BOOKMARK [0][-]{chapter.4}{Training der Machine-Learning-Klassifikatoren}{}% 13
\BOOKMARK [1][-]{section.4.1}{Auswahl des Werkzeugs und der Klassifikationsalgorithmen}{chapter.4}% 14
\BOOKMARK [1][-]{section.4.2}{Trainingsprozess der Klassifikatoren}{chapter.4}% 15
\BOOKMARK [0][-]{chapter.5}{Evaluation}{}% 16
\BOOKMARK [1][-]{section.5.1}{Evaluationsmetriken}{chapter.5}% 17
\BOOKMARK [1][-]{section.5.2}{Ergebnisse und Diskussion}{chapter.5}% 18
\BOOKMARK [2][-]{subsection.5.2.1}{Featurebasiertes Datenset}{section.5.2}% 19
\BOOKMARK [2][-]{subsection.5.2.2}{Dateibasierter Vergleich}{section.5.2}% 20
\BOOKMARK [1][-]{section.5.3}{Herausforderungen und Limitationen}{chapter.5}% 21
\BOOKMARK [0][-]{chapter.6}{Fazit}{}% 22
\BOOKMARK [1][-]{section.6.1}{Zusammenfassung}{chapter.6}% 23
\BOOKMARK [1][-]{section.6.2}{Ausblick}{chapter.6}% 24
\BOOKMARK [0][-]{chapter*.72}{Literatur}{}% 25
\BOOKMARK [0][-]{appendix.A}{PyDriller-Sourcecode-Ausschnitt zur Konsolenausgabe von Metadaten eines Commits}{}% 26
\BOOKMARK [0][-]{appendix.B}{Links der f\374r die Erstellung des Datensets verwendeten Softwareprojekte}{}% 27
\BOOKMARK [0][-]{appendix.C}{Accuracies der Klassifikatoren je Datenset}{}% 28
\BOOKMARK [0][-]{appendix.D}{Erweiterte Ergebnisse der Evaluationsmetriken}{}% 29
