This is pdfTeX, Version 3.14159265-2.6-1.40.21 (MiKTeX 2.9.7300 64-bit) (preloaded format=pdflatex 2020.2.13)  16 FEB 2020 12:01
entering extended mode
**./thesis.tex
(thesis.tex
LaTeX2e <2020-02-02>
L3 programming layer <2020-01-31> (rgseThesis.cls
Document Class: rgseThesis 2019/09/04 v2.0 Dokumentenklasse fuer Abschlussarbei
ten der AG Softwaretechnik
("C:\Users\stefa\AppData\Local\Programs\MiKTeX 2.9\tex/latex/base\ifthen.sty"
Package: ifthen 2014/09/29 v1.1c Standard LaTeX ifthen package (DPC)
)
("C:\Users\stefa\AppData\Local\Programs\MiKTeX 2.9\tex/latex/base\report.cls"
Document Class: report 2019/12/20 v1.4l Standard LaTeX document class
("C:\Users\stefa\AppData\Local\Programs\MiKTeX 2.9\tex/latex/base\size11.clo"
File: size11.clo 2019/12/20 v1.4l Standard LaTeX file (size option)
)
\c@part=\count167
\c@chapter=\count168
\c@section=\count169
\c@subsection=\count170
\c@subsubsection=\count171
\c@paragraph=\count172
\c@subparagraph=\count173
\c@figure=\count174
\c@table=\count175
\abovecaptionskip=\skip47
\belowcaptionskip=\skip48
\bibindent=\dimen134
)
("C:\Users\stefa\AppData\Local\Programs\MiKTeX 2.9\tex/latex/geometry\geometry.
sty"
Package: geometry 2020/01/02 v5.9 Page Geometry

("C:\Users\stefa\AppData\Local\Programs\MiKTeX 2.9\tex/latex/graphics\keyval.st
y"
Package: keyval 2014/10/28 v1.15 key=value parser (DPC)
\KV@toks@=\toks14
)
("C:\Users\stefa\AppData\Local\Programs\MiKTeX 2.9\tex/generic/iftex\ifvtex.sty
"
Package: ifvtex 2019/10/25 v1.7 ifvtex legacy package. Use iftex instead.
 ("C:\Users\stefa\AppData\Local\Programs\MiKTeX 2.9\tex/generic/iftex\iftex.sty
"
Package: iftex 2019/11/07 v1.0c TeX engine tests
))
\Gm@cnth=\count176
\Gm@cntv=\count177
\c@Gm@tempcnt=\count178
\Gm@bindingoffset=\dimen135
\Gm@wd@mp=\dimen136
\Gm@odd@mp=\dimen137
\Gm@even@mp=\dimen138
\Gm@layoutwidth=\dimen139
\Gm@layoutheight=\dimen140
\Gm@layouthoffset=\dimen141
\Gm@layoutvoffset=\dimen142
\Gm@dimlist=\toks15

("C:\Users\stefa\AppData\Local\Programs\MiKTeX 2.9\tex/latex/geometry\geometry.
cfg"))
("C:\Users\stefa\AppData\Local\Programs\MiKTeX 2.9\tex/generic/babel\babel.sty"
Package: babel 2020/02/03 3.39 The Babel package
("C:\Users\stefa\AppData\Local\Programs\MiKTeX 2.9\tex/generic/babel\switch.def
"
File: switch.def 2020/02/03 3.39 Babel switching mechanism
)
*************************************
* Local config file bblopts.cfg used
*
("C:\Users\stefa\AppData\Local\Programs\MiKTeX 2.9\tex/latex/arabi\bblopts.cfg"
File: bblopts.cfg 2005/09/08 v0.1 add Arabic and Farsi to "declared" options of
 babel
)
("C:\Users\stefa\AppData\Local\Programs\MiKTeX 2.9\tex/latex/babel-english\engl
ish.ldf"
Language: english 2017/06/06 v3.3r English support from the babel system

("C:\Users\stefa\AppData\Local\Programs\MiKTeX 2.9\tex/generic/babel\babel.def"
File: babel.def 2020/02/03 3.39 Babel common definitions
\babel@savecnt=\count179
\U@D=\dimen143

("C:\Users\stefa\AppData\Local\Programs\MiKTeX 2.9\tex/generic/babel\txtbabel.d
ef")
\bbl@readstream=\read2
\bbl@dirlevel=\count180
)
Package babel Info: \l@canadian = using hyphenrules for english
(babel)             (\language0) on input line 102.
Package babel Info: \l@australian = using hyphenrules for ukenglish
(babel)             (\language72) on input line 105.
Package babel Info: \l@newzealand = using hyphenrules for ukenglish
(babel)             (\language72) on input line 108.
)
("C:\Users\stefa\AppData\Local\Programs\MiKTeX 2.9\tex/latex/babel-german\ngerm
an.ldf"
Language: ngerman 2018/12/08 v2.11 German support for babel (post-1996 orthogra
phy)

("C:\Users\stefa\AppData\Local\Programs\MiKTeX 2.9\tex/latex/babel-german\ngerm
anb.ldf"
Language: ngermanb 2018/12/08 v2.11 German support for babel (post-1996 orthogr
aphy)
Package babel Info: Making " an active character on input line 121.
)))
("C:\Users\stefa\AppData\Local\Programs\MiKTeX 2.9\tex/generic/oberdiek\iflang.
sty"
Package: iflang 2018/01/21 v1.7 Checks for the current language (HO)

("C:\Users\stefa\AppData\Local\Programs\MiKTeX 2.9\tex/generic/infwarerr\infwar
err.sty"
Package: infwarerr 2019/12/03 v1.5 Providing info/warning/error messages (HO)
)
("C:\Users\stefa\AppData\Local\Programs\MiKTeX 2.9\tex/latex/pdftexcmds\pdftexc
mds.sty"
Package: pdftexcmds 2019/11/24 v0.31 Utility functions of pdfTeX for LuaTeX (HO
)

("C:\Users\stefa\AppData\Local\Programs\MiKTeX 2.9\tex/generic/ltxcmds\ltxcmds.
sty"
Package: ltxcmds 2019/12/15 v1.24 LaTeX kernel commands for general use (HO)
)
Package pdftexcmds Info: \pdf@primitive is available.
Package pdftexcmds Info: \pdf@ifprimitive is available.
Package pdftexcmds Info: \pdfdraftmode found.
)
Package iflang Info: Naming convention for patterns: babel.
)
("C:\Users\stefa\AppData\Local\Programs\MiKTeX 2.9\tex/latex/base\inputenc.sty"
Package: inputenc 2018/08/11 v1.3c Input encoding file
\inpenc@prehook=\toks16
\inpenc@posthook=\toks17
) ("C:\Users\stefa\AppData\Local\Programs\MiKTeX 2.9\tex/latex/base\fontenc.sty
"
Package: fontenc 2020/01/25 v2.0m Standard LaTeX package
)
("C:\Users\stefa\AppData\Local\Programs\MiKTeX 2.9\tex/latex/csquotes\csquotes.
sty"
Package: csquotes 2019-12-06 v5.2j context-sensitive quotations (JAW)

("C:\Users\stefa\AppData\Local\Programs\MiKTeX 2.9\tex/latex/etoolbox\etoolbox.
sty"
Package: etoolbox 2019/09/21 v2.5h e-TeX tools for LaTeX (JAW)
\etb@tempcnta=\count181
)
\csq@reset=\count182
\csq@gtype=\count183
\csq@glevel=\count184
\csq@qlevel=\count185
\csq@maxlvl=\count186
\csq@tshold=\count187
\csq@ltx@everypar=\toks18

("C:\Users\stefa\AppData\Local\Programs\MiKTeX 2.9\tex/latex/csquotes\csquotes.
def"
File: csquotes.def 2019-12-06 v5.2j csquotes generic definitions (JAW)
)
Package csquotes Info: Trying to load configuration file 'csquotes.cfg'...
Package csquotes Info: ... configuration file loaded successfully.

("C:\Users\stefa\AppData\Local\Programs\MiKTeX 2.9\tex/latex/csquotes\csquotes.
cfg"
File: csquotes.cfg 
))
("C:\Users\stefa\AppData\Local\Programs\MiKTeX 2.9\tex/latex/adjustbox\adjustbo
x.sty"
Package: adjustbox 2019/01/04 v1.2 Adjusting TeX boxes (trim, clip, ...)

("C:\Users\stefa\AppData\Local\Programs\MiKTeX 2.9\tex/latex/xkeyval\xkeyval.st
y"
Package: xkeyval 2014/12/03 v2.7a package option processing (HA)

("C:\Users\stefa\AppData\Local\Programs\MiKTeX 2.9\tex/generic/xkeyval\xkeyval.
tex"
("C:\Users\stefa\AppData\Local\Programs\MiKTeX 2.9\tex/generic/xkeyval\xkvutils
.tex"
\XKV@toks=\toks19
\XKV@tempa@toks=\toks20
)
\XKV@depth=\count188
File: xkeyval.tex 2014/12/03 v2.7a key=value parser (HA)
))
("C:\Users\stefa\AppData\Local\Programs\MiKTeX 2.9\tex/latex/adjustbox\adjcalc.
sty"
Package: adjcalc 2012/05/16 v1.1 Provides advanced setlength with multiple back
-ends (calc, etex, pgfmath)
)
("C:\Users\stefa\AppData\Local\Programs\MiKTeX 2.9\tex/latex/adjustbox\trimclip
.sty"
Package: trimclip 2018/04/08 v1.1 Trim and clip general TeX material

("C:\Users\stefa\AppData\Local\Programs\MiKTeX 2.9\tex/latex/graphics\graphicx.
sty"
Package: graphicx 2019/11/30 v1.2a Enhanced LaTeX Graphics (DPC,SPQR)

("C:\Users\stefa\AppData\Local\Programs\MiKTeX 2.9\tex/latex/graphics\graphics.
sty"
Package: graphics 2019/11/30 v1.4a Standard LaTeX Graphics (DPC,SPQR)

("C:\Users\stefa\AppData\Local\Programs\MiKTeX 2.9\tex/latex/graphics\trig.sty"
Package: trig 2016/01/03 v1.10 sin cos tan (DPC)
)
("C:\Users\stefa\AppData\Local\Programs\MiKTeX 2.9\tex/latex/graphics-cfg\graph
ics.cfg"
File: graphics.cfg 2016/06/04 v1.11 sample graphics configuration
)
Package graphics Info: Driver file: pdftex.def on input line 105.

("C:\Users\stefa\AppData\Local\Programs\MiKTeX 2.9\tex/latex/graphics-def\pdfte
x.def"
File: pdftex.def 2018/01/08 v1.0l Graphics/color driver for pdftex
))
\Gin@req@height=\dimen144
\Gin@req@width=\dimen145
)
("C:\Users\stefa\AppData\Local\Programs\MiKTeX 2.9\tex/latex/collectbox\collect
box.sty"
Package: collectbox 2012/05/17 v0.4b Collect macro arguments as boxes
\collectedbox=\box45
)
\tc@llx=\dimen146
\tc@lly=\dimen147
\tc@urx=\dimen148
\tc@ury=\dimen149
Package trimclip Info: Using driver 'tc-pdftex.def'.

("C:\Users\stefa\AppData\Local\Programs\MiKTeX 2.9\tex/latex/adjustbox\tc-pdfte
x.def"
File: tc-pdftex.def 2019/01/04 v2.2 Clipping driver for pdftex
))
\adjbox@Width=\dimen150
\adjbox@Height=\dimen151
\adjbox@Depth=\dimen152
\adjbox@Totalheight=\dimen153
\adjbox@pwidth=\dimen154
\adjbox@pheight=\dimen155
\adjbox@pdepth=\dimen156
\adjbox@ptotalheight=\dimen157

("C:\Users\stefa\AppData\Local\Programs\MiKTeX 2.9\tex/latex/ifoddpage\ifoddpag
e.sty"
Package: ifoddpage 2016/04/23 v1.1 Conditionals for odd/even page detection
\c@checkoddpage=\count189
)
("C:\Users\stefa\AppData\Local\Programs\MiKTeX 2.9\tex/latex/varwidth\varwidth.
sty"
Package: varwidth 2009/03/30 ver 0.92;  Variable-width minipages
\@vwid@box=\box46
\sift@deathcycles=\count190
\@vwid@loff=\dimen158
\@vwid@roff=\dimen159
))
("C:\Users\stefa\AppData\Local\Programs\MiKTeX 2.9\tex/latex/tools\tabularx.sty
"
Package: tabularx 2020/01/15 v2.11c `tabularx' package (DPC)
 ("C:\Users\stefa\AppData\Local\Programs\MiKTeX 2.9\tex/latex/tools\array.sty"
Package: array 2019/08/31 v2.4l Tabular extension package (FMi)
\col@sep=\dimen160
\ar@mcellbox=\box47
\extrarowheight=\dimen161
\NC@list=\toks21
\extratabsurround=\skip49
\backup@length=\skip50
\ar@cellbox=\box48
)
\TX@col@width=\dimen162
\TX@old@table=\dimen163
\TX@old@col=\dimen164
\TX@target=\dimen165
\TX@delta=\dimen166
\TX@cols=\count191
\TX@ftn=\toks22
)
("C:\Users\stefa\AppData\Local\Programs\MiKTeX 2.9\tex/latex/caption\caption.st
y"
Package: caption 2020/01/03 v3.4h Customizing captions (AR)

("C:\Users\stefa\AppData\Local\Programs\MiKTeX 2.9\tex/latex/caption\caption3.s
ty"
Package: caption3 2020/01/03 v1.8h caption3 kernel (AR)
Package caption3 Info: TeX engine: e-TeX on input line 61.
\captionmargin=\dimen167
\captionmargin@=\dimen168
\captionwidth=\dimen169
\caption@tempdima=\dimen170
\caption@indent=\dimen171
\caption@parindent=\dimen172
\caption@hangindent=\dimen173
Package caption Info: Standard document class detected.
)
\c@caption@flags=\count192
\c@continuedfloat=\count193
)
("C:\Users\stefa\AppData\Local\Programs\MiKTeX 2.9\tex/latex/amsfonts\amsfonts.
sty"
Package: amsfonts 2013/01/14 v3.01 Basic AMSFonts support
\@emptytoks=\toks23
\symAMSa=\mathgroup4
\symAMSb=\mathgroup5
LaTeX Font Info:    Redeclaring math symbol \hbar on input line 98.
LaTeX Font Info:    Overwriting math alphabet `\mathfrak' in version `bold'
(Font)                  U/euf/m/n --> U/euf/b/n on input line 106.
)
("C:\Users\stefa\AppData\Local\Programs\MiKTeX 2.9\tex/latex/amsfonts\amssymb.s
ty"
Package: amssymb 2013/01/14 v3.01 AMS font symbols
)
("C:\Users\stefa\AppData\Local\Programs\MiKTeX 2.9\tex/latex/amsmath\amsmath.st
y"
Package: amsmath 2020/01/20 v2.17e AMS math features
\@mathmargin=\skip51

For additional information on amsmath, use the `?' option.

("C:\Users\stefa\AppData\Local\Programs\MiKTeX 2.9\tex/latex/amsmath\amstext.st
y"
Package: amstext 2000/06/29 v2.01 AMS text

("C:\Users\stefa\AppData\Local\Programs\MiKTeX 2.9\tex/latex/amsmath\amsgen.sty
"
File: amsgen.sty 1999/11/30 v2.0 generic functions
\@emptytoks=\toks24
\ex@=\dimen174
))
("C:\Users\stefa\AppData\Local\Programs\MiKTeX 2.9\tex/latex/amsmath\amsbsy.sty
"
Package: amsbsy 1999/11/29 v1.2d Bold Symbols
\pmbraise@=\dimen175
)
("C:\Users\stefa\AppData\Local\Programs\MiKTeX 2.9\tex/latex/amsmath\amsopn.sty
"
Package: amsopn 2016/03/08 v2.02 operator names
)
\inf@bad=\count194
LaTeX Info: Redefining \frac on input line 227.
\uproot@=\count195
\leftroot@=\count196
LaTeX Info: Redefining \overline on input line 389.
\classnum@=\count197
\DOTSCASE@=\count198
LaTeX Info: Redefining \ldots on input line 486.
LaTeX Info: Redefining \dots on input line 489.
LaTeX Info: Redefining \cdots on input line 610.
\Mathstrutbox@=\box49
\strutbox@=\box50
\big@size=\dimen176
LaTeX Font Info:    Redeclaring font encoding OML on input line 733.
LaTeX Font Info:    Redeclaring font encoding OMS on input line 734.
\macc@depth=\count199
\c@MaxMatrixCols=\count266
\dotsspace@=\muskip16
\c@parentequation=\count267
\dspbrk@lvl=\count268
\tag@help=\toks25
\row@=\count269
\column@=\count270
\maxfields@=\count271
\andhelp@=\toks26
\eqnshift@=\dimen177
\alignsep@=\dimen178
\tagshift@=\dimen179
\tagwidth@=\dimen180
\totwidth@=\dimen181
\lineht@=\dimen182
\@envbody=\toks27
\multlinegap=\skip52
\multlinetaggap=\skip53
\mathdisplay@stack=\toks28
LaTeX Info: Redefining \[ on input line 2859.
LaTeX Info: Redefining \] on input line 2860.
)
("C:\Users\stefa\AppData\Local\Programs\MiKTeX 2.9\tex/generic/genmisc\nth.sty"
Package: nth 2002/02/27
)
("C:\Users\stefa\AppData\Local\Programs\MiKTeX 2.9\tex/latex/setspace\setspace.
sty"
Package: setspace 2011/12/19 v6.7a set line spacing
)
("C:\Users\stefa\AppData\Local\Programs\MiKTeX 2.9\tex/latex/prettyref\prettyre
f.sty"
Package: prettyref 1998/07/09 v3.0
)
("C:\Users\stefa\AppData\Local\Programs\MiKTeX 2.9\tex/latex/hyperref\hyperref.
sty"
Package: hyperref 2020/01/14 v7.00d Hypertext links for LaTeX

("C:\Users\stefa\AppData\Local\Programs\MiKTeX 2.9\tex/generic/kvsetkeys\kvsetk
eys.sty"
Package: kvsetkeys 2019/12/15 v1.18 Key value parser (HO)
)
("C:\Users\stefa\AppData\Local\Programs\MiKTeX 2.9\tex/generic/kvdefinekeys\kvd
efinekeys.sty"
Package: kvdefinekeys 2019-12-19 v1.6 Define keys (HO)
)
("C:\Users\stefa\AppData\Local\Programs\MiKTeX 2.9\tex/generic/pdfescape\pdfesc
ape.sty"
Package: pdfescape 2019/12/09 v1.15 Implements pdfTeX's escape features (HO)
)
("C:\Users\stefa\AppData\Local\Programs\MiKTeX 2.9\tex/latex/hycolor\hycolor.st
y"
Package: hycolor 2020-01-27 v1.10 Color options for hyperref/bookmark (HO)
)
("C:\Users\stefa\AppData\Local\Programs\MiKTeX 2.9\tex/latex/letltxmacro\letltx
macro.sty"
Package: letltxmacro 2019/12/03 v1.6 Let assignment for LaTeX macros (HO)
)
("C:\Users\stefa\AppData\Local\Programs\MiKTeX 2.9\tex/latex/auxhook\auxhook.st
y"
Package: auxhook 2019-12-17 v1.6 Hooks for auxiliary files (HO)
)
("C:\Users\stefa\AppData\Local\Programs\MiKTeX 2.9\tex/latex/kvoptions\kvoption
s.sty"
Package: kvoptions 2019/11/29 v3.13 Key value format for package options (HO)
)
\@linkdim=\dimen183
\Hy@linkcounter=\count272
\Hy@pagecounter=\count273

("C:\Users\stefa\AppData\Local\Programs\MiKTeX 2.9\tex/latex/hyperref\pd1enc.de
f"
File: pd1enc.def 2020/01/14 v7.00d Hyperref: PDFDocEncoding definition (HO)
Now handling font encoding PD1 ...
... no UTF-8 mapping file for font encoding PD1
)
("C:\Users\stefa\AppData\Local\Programs\MiKTeX 2.9\tex/generic/intcalc\intcalc.
sty"
Package: intcalc 2019/12/15 v1.3 Expandable calculations with integers (HO)
)
("C:\Users\stefa\AppData\Local\Programs\MiKTeX 2.9\tex/generic/etexcmds\etexcmd
s.sty"
Package: etexcmds 2019/12/15 v1.7 Avoid name clashes with e-TeX commands (HO)
)
\Hy@SavedSpaceFactor=\count274
Package hyperref Info: Option `plainpages' set `false' on input line 4421.
Package hyperref Info: Hyper figures OFF on input line 4547.
Package hyperref Info: Link nesting OFF on input line 4552.
Package hyperref Info: Hyper index ON on input line 4555.
Package hyperref Info: Plain pages OFF on input line 4562.
Package hyperref Info: Backreferencing OFF on input line 4567.
Package hyperref Info: Implicit mode ON; LaTeX internals redefined.
Package hyperref Info: Bookmarks ON on input line 4800.
\c@Hy@tempcnt=\count275
 ("C:\Users\stefa\AppData\Local\Programs\MiKTeX 2.9\tex/latex/url\url.sty"
\Urlmuskip=\muskip17
Package: url 2013/09/16  ver 3.4  Verb mode for urls, etc.
)
LaTeX Info: Redefining \url on input line 5159.
\XeTeXLinkMargin=\dimen184

("C:\Users\stefa\AppData\Local\Programs\MiKTeX 2.9\tex/generic/bitset\bitset.st
y"
Package: bitset 2019/12/09 v1.3 Handle bit-vector datatype (HO)

("C:\Users\stefa\AppData\Local\Programs\MiKTeX 2.9\tex/generic/bigintcalc\bigin
tcalc.sty"
Package: bigintcalc 2019/12/15 v1.5 Expandable calculations on big integers (HO
)
))
\Fld@menulength=\count276
\Field@Width=\dimen185
\Fld@charsize=\dimen186
Package hyperref Info: Hyper figures OFF on input line 6430.
Package hyperref Info: Link nesting OFF on input line 6435.
Package hyperref Info: Hyper index ON on input line 6438.
Package hyperref Info: backreferencing OFF on input line 6445.
Package hyperref Info: Link coloring OFF on input line 6450.
Package hyperref Info: Link coloring with OCG OFF on input line 6455.
Package hyperref Info: PDF/A mode OFF on input line 6460.
LaTeX Info: Redefining \ref on input line 6500.
LaTeX Info: Redefining \pageref on input line 6504.

("C:\Users\stefa\AppData\Local\Programs\MiKTeX 2.9\tex/generic/atbegshi\atbegsh
i.sty"
Package: atbegshi 2019/12/05 v1.19 At begin shipout hook (HO)
)
\Hy@abspage=\count277
\c@Item=\count278
\c@Hfootnote=\count279
)
Package hyperref Info: Driver: hpdftex.

("C:\Users\stefa\AppData\Local\Programs\MiKTeX 2.9\tex/latex/hyperref\hpdftex.d
ef"
File: hpdftex.def 2020/01/14 v7.00d Hyperref driver for pdfTeX

("C:\Users\stefa\AppData\Local\Programs\MiKTeX 2.9\tex/latex/atveryend\atveryen
d.sty"
Package: atveryend 2019-12-11 v1.11 Hooks at the very end of document (HO)
)
\Fld@listcount=\count280
\c@bookmark@seq@number=\count281

("C:\Users\stefa\AppData\Local\Programs\MiKTeX 2.9\tex/latex/rerunfilecheck\rer
unfilecheck.sty"
Package: rerunfilecheck 2019/12/05 v1.9 Rerun checks for auxiliary files (HO)

("C:\Users\stefa\AppData\Local\Programs\MiKTeX 2.9\tex/generic/uniquecounter\un
iquecounter.sty"
Package: uniquecounter 2019/12/15 v1.4 Provide unlimited unique counter (HO)
)
Package uniquecounter Info: New unique counter `rerunfilecheck' on input line 2
86.
)
\Hy@SectionHShift=\skip54
)
("C:\Users\stefa\AppData\Local\Programs\MiKTeX 2.9\tex/latex/psnfss\palatino.st
y"
Package: palatino 2005/04/12 PSNFSS-v9.2a (SPQR) 
)
("C:\Users\stefa\AppData\Local\Programs\MiKTeX 2.9\tex/latex/biblatex\biblatex.
sty"
Package: biblatex 2019/12/01 v3.14 programmable bibliographies (PK/MW)

("C:\Users\stefa\AppData\Local\Programs\MiKTeX 2.9\tex/latex/logreq\logreq.sty"
Package: logreq 2010/08/04 v1.0 xml request logger
\lrq@indent=\count282
("C:\Users\stefa\AppData\Local\Programs\MiKTeX 2.9\tex/latex/logreq\logreq.def"
File: logreq.def 2010/08/04 v1.0 logreq spec v1.0
))
\c@tabx@nest=\count283
\c@listtotal=\count284
\c@listcount=\count285
\c@liststart=\count286
\c@liststop=\count287
\c@citecount=\count288
\c@citetotal=\count289
\c@multicitecount=\count290
\c@multicitetotal=\count291
\c@instcount=\count292
\c@maxnames=\count293
\c@minnames=\count294
\c@maxitems=\count295
\c@minitems=\count296
\c@citecounter=\count297
\c@maxcitecounter=\count298
\c@savedcitecounter=\count299
\c@uniquelist=\count300
\c@uniquename=\count301
\c@refsection=\count302
\c@refsegment=\count303
\c@maxextratitle=\count304
\c@maxextratitleyear=\count305
\c@maxextraname=\count306
\c@maxextradate=\count307
\c@maxextraalpha=\count308
\c@abbrvpenalty=\count309
\c@highnamepenalty=\count310
\c@lownamepenalty=\count311
\c@maxparens=\count312
\c@parenlevel=\count313
\blx@tempcnta=\count314
\blx@tempcntb=\count315
\blx@tempcntc=\count316
\blx@maxsection=\count317
\blx@maxsegment@0=\count318
\blx@notetype=\count319
\blx@parenlevel@text=\count320
\blx@parenlevel@foot=\count321
\blx@sectionciteorder@0=\count322
\blx@entrysetcounter=\count323
\labelnumberwidth=\skip55
\labelalphawidth=\skip56
\biblabelsep=\skip57
\bibitemsep=\skip58
\bibnamesep=\skip59
\bibinitsep=\skip60
\bibparsep=\skip61
\bibhang=\skip62
\blx@bcfin=\read3
\blx@bcfout=\write3
\blx@langwohyphens=\language78
\c@mincomprange=\count324
\c@maxcomprange=\count325
\c@mincompwidth=\count326
Package biblatex Info: Trying to load biblatex default data model...
Package biblatex Info: ... file 'blx-dm.def' found.

("C:\Users\stefa\AppData\Local\Programs\MiKTeX 2.9\tex/latex/biblatex\blx-dm.de
f"
File: blx-dm.def 2019/12/01 v3.14 biblatex localization (PK/MW)
)
Package biblatex Info: Trying to load biblatex style data model...
Package biblatex Info: ... file 'numeric.dbx' not found.
Package biblatex Info: Trying to load biblatex custom data model...
Package biblatex Info: ... file 'biblatex-dm.cfg' not found.
\c@afterword=\count327
\c@savedafterword=\count328
\c@annotator=\count329
\c@savedannotator=\count330
\c@author=\count331
\c@savedauthor=\count332
\c@bookauthor=\count333
\c@savedbookauthor=\count334
\c@commentator=\count335
\c@savedcommentator=\count336
\c@editor=\count337
\c@savededitor=\count338
\c@editora=\count339
\c@savededitora=\count340
\c@editorb=\count341
\c@savededitorb=\count342
\c@editorc=\count343
\c@savededitorc=\count344
\c@foreword=\count345
\c@savedforeword=\count346
\c@holder=\count347
\c@savedholder=\count348
\c@introduction=\count349
\c@savedintroduction=\count350
\c@namea=\count351
\c@savednamea=\count352
\c@nameb=\count353
\c@savednameb=\count354
\c@namec=\count355
\c@savednamec=\count356
\c@translator=\count357
\c@savedtranslator=\count358
\c@shortauthor=\count359
\c@savedshortauthor=\count360
\c@shorteditor=\count361
\c@savedshorteditor=\count362
\c@labelname=\count363
\c@savedlabelname=\count364
\c@institution=\count365
\c@savedinstitution=\count366
\c@lista=\count367
\c@savedlista=\count368
\c@listb=\count369
\c@savedlistb=\count370
\c@listc=\count371
\c@savedlistc=\count372
\c@listd=\count373
\c@savedlistd=\count374
\c@liste=\count375
\c@savedliste=\count376
\c@listf=\count377
\c@savedlistf=\count378
\c@location=\count379
\c@savedlocation=\count380
\c@organization=\count381
\c@savedorganization=\count382
\c@origlocation=\count383
\c@savedoriglocation=\count384
\c@origpublisher=\count385
\c@savedorigpublisher=\count386
\c@publisher=\count387
\c@savedpublisher=\count388
\c@language=\count389
\c@savedlanguage=\count390
\c@origlanguage=\count391
\c@savedoriglanguage=\count392
\c@pageref=\count393
\c@savedpageref=\count394
\shorthandwidth=\skip63
\shortjournalwidth=\skip64
\shortserieswidth=\skip65
\shorttitlewidth=\skip66
\shortauthorwidth=\skip67
\shorteditorwidth=\skip68
\locallabelnumberwidth=\skip69
\locallabelalphawidth=\skip70
\localshorthandwidth=\skip71
\localshortjournalwidth=\skip72
\localshortserieswidth=\skip73
\localshorttitlewidth=\skip74
\localshortauthorwidth=\skip75
\localshorteditorwidth=\skip76
Package biblatex Info: Trying to load compatibility code...
Package biblatex Info: ... file 'blx-compat.def' found.

("C:\Users\stefa\AppData\Local\Programs\MiKTeX 2.9\tex/latex/biblatex\blx-compa
t.def"
File: blx-compat.def 2019/12/01 v3.14 biblatex compatibility (PK/MW)
)
Package biblatex Info: Trying to load generic definitions...
Package biblatex Info: ... file 'biblatex.def' found.

("C:\Users\stefa\AppData\Local\Programs\MiKTeX 2.9\tex/latex/biblatex\biblatex.
def"
File: biblatex.def 2019/12/01 v3.14 biblatex compatibility (PK/MW)
\c@textcitecount=\count395
\c@textcitetotal=\count396
\c@textcitemaxnames=\count397
\c@biburlbigbreakpenalty=\count398
\c@biburlbreakpenalty=\count399
\c@biburlnumpenalty=\count400
\c@biburlucpenalty=\count401
\c@biburllcpenalty=\count402
\biburlbigskip=\muskip18
\biburlnumskip=\muskip19
\biburlucskip=\muskip20
\biburllcskip=\muskip21
\c@smartand=\count403
)
Package biblatex Info: Trying to load bibliography style 'numeric'...
Package biblatex Info: ... file 'numeric.bbx' found.

("C:\Users\stefa\AppData\Local\Programs\MiKTeX 2.9\tex/latex/biblatex/bbx\numer
ic.bbx"
File: numeric.bbx 2019/12/01 v3.14 biblatex bibliography style (PK/MW)
Package biblatex Info: Trying to load bibliography style 'standard'...
Package biblatex Info: ... file 'standard.bbx' found.

("C:\Users\stefa\AppData\Local\Programs\MiKTeX 2.9\tex/latex/biblatex/bbx\stand
ard.bbx"
File: standard.bbx 2019/12/01 v3.14 biblatex bibliography style (PK/MW)
\c@bbx:relatedcount=\count404
\c@bbx:relatedtotal=\count405
))
Package biblatex Info: Trying to load citation style 'numeric'...
Package biblatex Info: ... file 'numeric.cbx' found.

("C:\Users\stefa\AppData\Local\Programs\MiKTeX 2.9\tex/latex/biblatex/cbx\numer
ic.cbx"
File: numeric.cbx 2019/12/01 v3.14 biblatex citation style (PK/MW)
Package biblatex Info: Redefining '\cite'.
Package biblatex Info: Redefining '\parencite'.
Package biblatex Info: Redefining '\footcite'.
Package biblatex Info: Redefining '\footcitetext'.
Package biblatex Info: Redefining '\smartcite'.
Package biblatex Info: Redefining '\supercite'.
Package biblatex Info: Redefining '\textcite'.
Package biblatex Info: Redefining '\textcites'.
Package biblatex Info: Redefining '\cites'.
Package biblatex Info: Redefining '\parencites'.
Package biblatex Info: Redefining '\smartcites'.
)
Package biblatex Info: Trying to load configuration file...
Package biblatex Info: ... file 'biblatex.cfg' found.

("C:\Users\stefa\AppData\Local\Programs\MiKTeX 2.9\tex/latex/biblatex\biblatex.
cfg"
File: biblatex.cfg 
))

Package biblatex Warning: Data model macro 'DeclareDatamodelEntrytypes' cannot 
be used in preamble.


Package biblatex Warning: Data model macro 'DeclareDatamodelEntryfields' cannot
 be used in preamble.

)
("C:\Users\stefa\AppData\Local\Programs\MiKTeX 2.9\tex/latex/arydshln\arydshln.
sty"
Package: arydshln 2019/02/21 v1.76 
\dashlinedash=\dimen187
\dashlinegap=\dimen188
\adl@box=\box51
\adl@height=\dimen189
\adl@heightsave=\dimen190
\adl@depth=\dimen191
\adl@depthsave=\dimen192
\adl@finaldepth=\dimen193
\adl@columns=\count406
\adl@ncol=\count407
\adl@currentcolumn=\count408
\adl@currentcolumnsave=\count409
\adl@totalheight=\count410
\adl@totalheightsave=\count411
\adl@dash=\count412
\adl@gap=\count413
\adl@cla=\count414
\adl@clb=\count415
\adl@everyvbox=\toks29
\adl@LTpagetotal=\dimen194
)
("C:\Users\stefa\AppData\Local\Programs\MiKTeX 2.9\tex/latex/psnfss\courier.sty
"
Package: courier 2005/04/12 PSNFSS-v9.2a (WaS) 
) ("C:\Users\stefa\AppData\Local\Programs\MiKTeX 2.9\tex/latex/float\float.sty"
Package: float 2001/11/08 v1.3d Float enhancements (AL)
\c@float@type=\count416
\float@exts=\toks30
\float@box=\box52
\@float@everytoks=\toks31
\@floatcapt=\box53
)
("C:\Users\stefa\AppData\Local\Programs\MiKTeX 2.9\tex/latex/lipsum\lipsum.sty"
("C:\Users\stefa\AppData\Local\Programs\MiKTeX 2.9\tex/latex/l3kernel\expl3.sty
"
Package: expl3 2020-01-31 L3 programming layer (loader) 

("C:\Users\stefa\AppData\Local\Programs\MiKTeX 2.9\tex/latex/l3backend\l3backen
d-pdfmode.def"
File: l3backend-pdfmode.def 2019-04-06 L3 backend support: PDF mode
\l__kernel_color_stack_int=\count417
\l__pdf_internal_box=\box54
))
("C:\Users\stefa\AppData\Local\Programs\MiKTeX 2.9\tex/latex/l3packages/xparse\
xparse.sty"
Package: xparse 2020-01-12 L3 Experimental document command parser
\l__xparse_current_arg_int=\count418
\g__xparse_grabber_int=\count419
\l__xparse_m_args_int=\count420
\l__xparse_v_nesting_int=\count421
)
Package: lipsum 2019/01/02 v2.2 150 paragraphs of Lorem Ipsum dummy text

("C:\Users\stefa\AppData\Local\Programs\MiKTeX 2.9\tex/latex/lipsum\lipsum.ltd.
tex"
File: lipsum.ltd.tex 2019/01/02 v2.2 The Lorem ipsum dummy text
))
("C:\Users\stefa\AppData\Local\Programs\MiKTeX 2.9\tex/latex/listings\listings.
sty"
\lst@mode=\count422
\lst@gtempboxa=\box55
\lst@token=\toks32
\lst@length=\count423
\lst@currlwidth=\dimen195
\lst@column=\count424
\lst@pos=\count425
\lst@lostspace=\dimen196
\lst@width=\dimen197
\lst@newlines=\count426
\lst@lineno=\count427
\lst@maxwidth=\dimen198

("C:\Users\stefa\AppData\Local\Programs\MiKTeX 2.9\tex/latex/listings\lstmisc.s
ty"
File: lstmisc.sty 2019/09/10 1.8c (Carsten Heinz)
\c@lstnumber=\count428
\lst@skipnumbers=\count429
\lst@framebox=\box56
)
("C:\Users\stefa\AppData\Local\Programs\MiKTeX 2.9\tex/latex/listings\listings.
cfg"
File: listings.cfg 2019/09/10 1.8c listings configuration
))
Package: listings 2019/09/10 1.8c (Carsten Heinz)

("C:\Users\stefa\AppData\Local\Programs\MiKTeX 2.9\tex/latex/tools\multicol.sty
"
Package: multicol 2019/12/09 v1.8y multicolumn formatting (FMi)
\c@tracingmulticols=\count430
\mult@box=\box57
\multicol@leftmargin=\dimen199
\c@unbalance=\count431
\c@collectmore=\count432
\doublecol@number=\count433
\multicoltolerance=\count434
\multicolpretolerance=\count435
\full@width=\dimen256
\page@free=\dimen257
\premulticols=\dimen258
\postmulticols=\dimen259
\multicolsep=\skip77
\multicolbaselineskip=\skip78
\partial@page=\box58
\last@line=\box59
\maxbalancingoverflow=\dimen260
\mult@rightbox=\box60
\mult@grightbox=\box61
\mult@gfirstbox=\box62
\mult@firstbox=\box63
\@tempa=\box64
\@tempa=\box65
\@tempa=\box66
\@tempa=\box67
\@tempa=\box68
\@tempa=\box69
\@tempa=\box70
\@tempa=\box71
\@tempa=\box72
\@tempa=\box73
\@tempa=\box74
\@tempa=\box75
\@tempa=\box76
\@tempa=\box77
\@tempa=\box78
\@tempa=\box79
\@tempa=\box80
\@tempa=\box81
\@tempa=\box82
\@tempa=\box83
\@tempa=\box84
\@tempa=\box85
\@tempa=\box86
\@tempa=\box87
\@tempa=\box88
\@tempa=\box89
\@tempa=\box90
\@tempa=\box91
\@tempa=\box92
\@tempa=\box93
\@tempa=\box94
\@tempa=\box95
\@tempa=\box96
\@tempa=\box97
\@tempa=\box98
\@tempa=\box99
\@tempa=\box100
\c@minrows=\count436
\c@columnbadness=\count437
\c@finalcolumnbadness=\count438
\last@try=\dimen261
\multicolovershoot=\dimen262
\multicolundershoot=\dimen263
\mult@nat@firstbox=\box101
\colbreak@box=\box102
\mc@col@check@num=\count439
)
("C:\Users\stefa\AppData\Local\Programs\MiKTeX 2.9\tex/latex/xcolor\xcolor.sty"
Package: xcolor 2016/05/11 v2.12 LaTeX color extensions (UK)

("C:\Users\stefa\AppData\Local\Programs\MiKTeX 2.9\tex/latex/graphics-cfg\color
.cfg"
File: color.cfg 2016/01/02 v1.6 sample color configuration
)
Package xcolor Info: Driver file: pdftex.def on input line 225.
Package xcolor Info: Model `cmy' substituted by `cmy0' on input line 1348.
Package xcolor Info: Model `hsb' substituted by `rgb' on input line 1352.
Package xcolor Info: Model `RGB' extended on input line 1364.
Package xcolor Info: Model `HTML' substituted by `rgb' on input line 1366.
Package xcolor Info: Model `Hsb' substituted by `hsb' on input line 1367.
Package xcolor Info: Model `tHsb' substituted by `hsb' on input line 1368.
Package xcolor Info: Model `HSB' substituted by `hsb' on input line 1369.
Package xcolor Info: Model `Gray' substituted by `gray' on input line 1370.
Package xcolor Info: Model `wave' substituted by `hsb' on input line 1371.
)
Package csquotes Info: Checking for multilingual support...
Package csquotes Info: ... found 'babel' package.
Package csquotes Info: Adjusting default style.
Package csquotes Info: Redefining alias 'default' -> 'ngerman'.
 (thesis.aux (content/abstract.aux) (content/note.aux

LaTeX Warning: Label `fig:chalmers' multiply defined.

) (content/introduction.aux) (content/background.aux) (content/dataset.aux

LaTeX Warning: Label `tab:tools' multiply defined.


LaTeX Warning: Label `tab:tools' multiply defined.

) (content/classifier.aux) (content/evaluation.aux) (content/conclusion.aux))
\openout1 = `thesis.aux'.

LaTeX Font Info:    Checking defaults for OML/cmm/m/it on input line 67.
LaTeX Font Info:    ... okay on input line 67.
LaTeX Font Info:    Checking defaults for OMS/cmsy/m/n on input line 67.
LaTeX Font Info:    ... okay on input line 67.
LaTeX Font Info:    Checking defaults for OT1/cmr/m/n on input line 67.
LaTeX Font Info:    ... okay on input line 67.
LaTeX Font Info:    Checking defaults for T1/cmr/m/n on input line 67.
LaTeX Font Info:    ... okay on input line 67.
LaTeX Font Info:    Checking defaults for TS1/cmr/m/n on input line 67.
LaTeX Font Info:    ... okay on input line 67.
LaTeX Font Info:    Checking defaults for OMX/cmex/m/n on input line 67.
LaTeX Font Info:    ... okay on input line 67.
LaTeX Font Info:    Checking defaults for U/cmr/m/n on input line 67.
LaTeX Font Info:    ... okay on input line 67.
LaTeX Font Info:    Checking defaults for PD1/pdf/m/n on input line 67.
LaTeX Font Info:    ... okay on input line 67.
LaTeX Font Info:    Trying to load font information for T1+ppl on input line 67
.

("C:\Users\stefa\AppData\Local\Programs\MiKTeX 2.9\tex/latex/psnfss\t1ppl.fd"
File: t1ppl.fd 2001/06/04 font definitions for T1/ppl.
)
*geometry* driver: auto-detecting
*geometry* detected driver: pdftex
*geometry* verbose mode - [ preamble ] result:
* driver: pdftex
* paper: a4paper
* layout: <same size as paper>
* layoutoffset:(h,v)=(0.0pt,0.0pt)
* modes: includefoot twoside 
* h-part:(L,W,R)=(85.35826pt, 455.24408pt, 56.90553pt)
* v-part:(T,H,B)=(56.9055pt, 731.23584pt, 56.9055pt)
* \paperwidth=597.50787pt
* \paperheight=845.04684pt
* \textwidth=455.24408pt
* \textheight=701.23584pt
* \oddsidemargin=13.08827pt
* \evensidemargin=-15.36446pt
* \topmargin=-52.36449pt
* \headheight=12.0pt
* \headsep=25.0pt
* \topskip=11.0pt
* \footskip=30.0pt
* \marginparwidth=103.0pt
* \marginparsep=10.0pt
* \columnsep=10.0pt
* \skip\footins=10.0pt plus 4.0pt minus 2.0pt
* \hoffset=0.0pt
* \voffset=0.0pt
* \mag=1000
* \@twocolumnfalse
* \@twosidetrue
* \@mparswitchtrue
* \@reversemarginfalse
* (1in=72.27pt=25.4mm, 1cm=28.453pt)


("C:\Users\stefa\AppData\Local\Programs\MiKTeX 2.9\tex/context/base/mkii\supp-p
df.mkii"
[Loading MPS to PDF converter (version 2006.09.02).]
\scratchcounter=\count440
\scratchdimen=\dimen264
\scratchbox=\box103
\nofMPsegments=\count441
\nofMParguments=\count442
\everyMPshowfont=\toks33
\MPscratchCnt=\count443
\MPscratchDim=\dimen265
\MPnumerator=\count444
\makeMPintoPDFobject=\count445
\everyMPtoPDFconversion=\toks34
)
("C:\Users\stefa\AppData\Local\Programs\MiKTeX 2.9\tex/latex/epstopdf-pkg\epsto
pdf-base.sty"
Package: epstopdf-base 2020-01-24 v2.11 Base part for package epstopdf
Package epstopdf-base Info: Redefining graphics rule for `.eps' on input line 4
85.
)
Package caption Info: Begin \AtBeginDocument code.
Package caption Info: float package is loaded.
Package caption Info: hyperref package is loaded.
Package caption Info: listings package is loaded.
Package caption Info: End \AtBeginDocument code.
\AtBeginShipoutBox=\box104
Package hyperref Info: Link coloring OFF on input line 67.

("C:\Users\stefa\AppData\Local\Programs\MiKTeX 2.9\tex/latex/hyperref\nameref.s
ty"
Package: nameref 2019/09/16 v2.46 Cross-referencing by name of section

("C:\Users\stefa\AppData\Local\Programs\MiKTeX 2.9\tex/latex/refcount\refcount.
sty"
Package: refcount 2019/12/15 v3.6 Data extraction from label references (HO)
)
("C:\Users\stefa\AppData\Local\Programs\MiKTeX 2.9\tex/generic/gettitlestring\g
ettitlestring.sty"
Package: gettitlestring 2019/12/15 v1.6 Cleanup title references (HO)
)
\c@section@level=\count446
)
LaTeX Info: Redefining \ref on input line 67.
LaTeX Info: Redefining \pageref on input line 67.
LaTeX Info: Redefining \nameref on input line 67.
 (thesis.out) (thesis.out)
\@outlinefile=\write4
\openout4 = `thesis.out'.

Package biblatex Info: Trying to load language 'ngerman'...
Package biblatex Info: ... file 'ngerman.lbx' found.

("C:\Users\stefa\AppData\Local\Programs\MiKTeX 2.9\tex/latex/biblatex/lbx\ngerm
an.lbx"
File: ngerman.lbx 2019/12/01 v3.14 biblatex localization (PK/MW)
Package biblatex Info: Trying to load language 'german'...
Package biblatex Info: ... file 'german.lbx' found.

("C:\Users\stefa\AppData\Local\Programs\MiKTeX 2.9\tex/latex/biblatex/lbx\germa
n.lbx"
File: german.lbx 2019/12/01 v3.14 biblatex localization (PK/MW)
)
Package biblatex Info: Trying to load language 'german'...
Package biblatex Info: ... file 'german.lbx' found.

("C:\Users\stefa\AppData\Local\Programs\MiKTeX 2.9\tex/latex/biblatex/lbx\germa
n.lbx"
File: german.lbx 2019/12/01 v3.14 biblatex localization (PK/MW)
))
Package biblatex Info: Trying to load language 'english'...
Package biblatex Info: ... file 'english.lbx' found.

("C:\Users\stefa\AppData\Local\Programs\MiKTeX 2.9\tex/latex/biblatex/lbx\engli
sh.lbx"
File: english.lbx 2019/12/01 v3.14 biblatex localization (PK/MW)
)
Package biblatex Info: Input encoding 'utf8' detected.
Package biblatex Info: Automatic encoding selection.
(biblatex)             Assuming data encoding 'utf8'.
\openout3 = `thesis.bcf'.

Package biblatex Info: Trying to load bibliographic data...
Package biblatex Info: ... file 'thesis.bbl' found.
 (thesis.bbl)
Package biblatex Info: Reference section=0 on input line 67.
Package biblatex Info: Reference segment=0 on input line 67.
\c@lstlisting=\count447
<logos/uko-logo.pdf, id=115, 564.1075pt x 90.3375pt>
File: logos/uko-logo.pdf Graphic file (type pdf)
<use logos/uko-logo.pdf>
Package pdftex.def Info: logos/uko-logo.pdf  used on input line 74.
(pdftex.def)             Requested size: 170.71652pt x 27.33853pt.
<logos/chalmers.png, id=116, 978.65625pt x 233.87375pt>
File: logos/chalmers.png Graphic file (type png)
<use logos/chalmers.png>
Package pdftex.def Info: logos/chalmers.png  used on input line 74.
(pdftex.def)             Requested size: 170.71652pt x 40.79646pt.
LaTeX Font Info:    Trying to load font information for T1+phv on input line 74
.

("C:\Users\stefa\AppData\Local\Programs\MiKTeX 2.9\tex/latex/psnfss\t1phv.fd"
File: t1phv.fd 2001/06/04 scalable font definitions for T1/phv.
)
LaTeX Font Info:    Trying to load font information for U+msa on input line 74.


("C:\Users\stefa\AppData\Local\Programs\MiKTeX 2.9\tex/latex/amsfonts\umsa.fd"
File: umsa.fd 2013/01/14 v3.01 AMS symbols A
)
LaTeX Font Info:    Trying to load font information for U+msb on input line 74.

("C:\Users\stefa\AppData\Local\Programs\MiKTeX 2.9\tex/latex/amsfonts\umsb.fd"
File: umsb.fd 2013/01/14 v3.01 AMS symbols B
) [1

{C:/Users/stefa/AppData/Local/MiKTeX/2.9/pdftex/config/pdftex.map} <./logos/uko
-logo.pdf> <./logos/chalmers.png>] [2

]
Underfull \hbox (badness 10000) in paragraph at lines 74--74

 []


Underfull \hbox (badness 10000) in alignment at lines 74--74
[][][] 
 []

[3] [4

]
\openout2 = `content/abstract.aux'.

 (content/abstract.tex [5

] [6

])
\openout2 = `content/note.aux'.

 (content/note.tex
File: logos/chalmers.png Graphic file (type png)
<use logos/chalmers.png>
Package pdftex.def Info: logos/chalmers.png  used on input line 11.
(pdftex.def)             Requested size: 170.71652pt x 40.79646pt.
File: logos/chalmers.png Graphic file (type png)
<use logos/chalmers.png>
Package pdftex.def Info: logos/chalmers.png  used on input line 26.
(pdftex.def)             Requested size: 170.71652pt x 40.79646pt.
 [7


] [8

]) (thesis.toc
[9


])
\tf@toc=\write5
\openout5 = `thesis.toc'.

 [10] (thesis.lof
Overfull \hbox (25.88542pt too wide) in paragraph at lines 33--33
 [][] [][]\T1/ppl/m/n/10.95 Teil 1: Fea-tu-re-ba-sier-ter Pro-zess des über-wac
h-ten Ma-chi-ne Lear-nings nach [[]][] [][]  
 []


Overfull \hbox (25.88542pt too wide) in paragraph at lines 35--35
 [][] [][]\T1/ppl/m/n/10.95 Teil 2: Fea-tu-re-ba-sier-ter Pro-zess des über-wac
h-ten Ma-chi-ne Lear-nings nach [[]][] [][]  
 []


Overfull \hbox (25.88542pt too wide) in paragraph at lines 37--37
 [][] [][]\T1/ppl/m/n/10.95 Teil 3: Fea-tu-re-ba-sier-ter Pro-zess des über-wac
h-ten Ma-chi-ne Lear-nings nach [[]][] [][]  
 []

)
\tf@lof=\write6
\openout6 = `thesis.lof'.

 [1


]
\openout2 = `content/introduction.aux'.

 (content/introduction.tex
Kapitel 1.

Underfull \hbox (badness 10000) in paragraph at lines 6--8

 []


Overfull \hbox (2.92424pt too wide) in paragraph at lines 16--17
\T1/ppl/m/n/10.95 wa-re-sys-tems. Die auf die-se Wei-se ent-wi-ckel-ten Soft-wa
-re-sys-te-me hei-ÿen Software-Produktlinien
 []

[2


]
<images/SPL.png, id=263, 755.82375pt x 291.33844pt>
File: images/SPL.png Graphic file (type png)
<use images/SPL.png>
Package pdftex.def Info: images/SPL.png  used on input line 24.
(pdftex.def)             Requested size: 455.24408pt x 175.47566pt.
 [3 <./images/SPL.png>] [4]
<images/CRISP-DM1.png, id=283, 520.94624pt x 335.00156pt>
File: images/CRISP-DM1.png Graphic file (type png)
<use images/CRISP-DM1.png>
Package pdftex.def Info: images/CRISP-DM1.png  used on input line 76.
(pdftex.def)             Requested size: 455.24408pt x 292.75247pt.
<images/CRISP-DM.png, id=289, 1312.15219pt x 178.41656pt>
File: images/CRISP-DM.png Graphic file (type png)
<use images/CRISP-DM.png>
Package pdftex.def Info: images/CRISP-DM.png  used on input line 84.
(pdftex.def)             Requested size: 455.24408pt x 61.89952pt.
 [5 <./images/CRISP-DM1.png> <./images/CRISP-DM.png>] [6] [7]
<images/Zeit.png, id=315, 828.84656pt x 415.5525pt>
File: images/Zeit.png Graphic file (type png)
<use images/Zeit.png>
Package pdftex.def Info: images/Zeit.png  used on input line 214.
(pdftex.def)             Requested size: 455.24408pt x 228.23753pt.
 [8 <./images/Zeit.png>] [9] [10

])
\openout2 = `content/background.aux'.

 (content/background.tex
Kapitel 2.

Underfull \hbox (badness 10000) in paragraph at lines 6--8

 []

<images/ML.png, id=333, 828.84656pt x 397.485pt>
File: images/ML.png Graphic file (type png)
<use images/ML.png>
Package pdftex.def Info: images/ML.png  used on input line 21.
(pdftex.def)             Requested size: 455.24408pt x 218.31416pt.

Underfull \vbox (badness 10000) has occurred while \output is active []

 [11



]
<images/Prozess.png, id=339, 353.06906pt x 416.30531pt>
File: images/Prozess.png Graphic file (type png)
<use images/Prozess.png>
Package pdftex.def Info: images/Prozess.png  used on input line 32.
(pdftex.def)             Requested size: 227.62204pt x 268.39099pt.


LaTeX Warning: Citation 'Ceylan2006' on page 12 undefined on input line 33.


LaTeX Warning: Citation 'Ceylan2006' on page 12 undefined on input line 33.


LaTeX Warning: Citation 'Queiroz2016' on page 12 undefined on input line 38.


Underfull \vbox (badness 10000) has occurred while \output is active []

 [12 <./images/ML.png> <./images/Prozess.png>]
<images/ML1.png, id=347, 950.04938pt x 330.48468pt>
File: images/ML1.png Graphic file (type png)
<use images/ML1.png>
Package pdftex.def Info: images/ML1.png  used on input line 43.
(pdftex.def)             Requested size: 455.24408pt x 158.36357pt.


LaTeX Warning: Citation 'Queiroz2016' on page 13 undefined on input line 44.


LaTeX Warning: Citation 'Queiroz2016' on page 13 undefined on input line 44.

LaTeX Font Info:    Trying to load font information for T1+pcr on input line 47
.
("C:\Users\stefa\AppData\Local\Programs\MiKTeX 2.9\tex/latex/psnfss\t1pcr.fd"
File: t1pcr.fd 2001/06/04 font definitions for T1/pcr.
)
Underfull \vbox (badness 5359) has occurred while \output is active []

 [13 <./images/ML1.png>]
<images/ML2.png, id=360, 685.05937pt x 368.1253pt>
File: images/ML2.png Graphic file (type png)
<use images/ML2.png>
Package pdftex.def Info: images/ML2.png  used on input line 67.
(pdftex.def)             Requested size: 455.24408pt x 244.63736pt.


LaTeX Warning: Citation 'Queiroz2016' on page 14 undefined on input line 68.


LaTeX Warning: Citation 'Queiroz2016' on page 14 undefined on input line 68.


Underfull \hbox (badness 10000) in paragraph at lines 68--68
[][]|\T1/ppl/m/n/10 Teil 2: Fea-tu-re-ba-sier-ter Pro-zess des über-wach-ten Ma
-chi-ne Lear-nings nach
 []

<images/ML3.png, id=361, 963.6pt x 322.95656pt>
File: images/ML3.png Graphic file (type png)
<use images/ML3.png>
Package pdftex.def Info: images/ML3.png  used on input line 73.
(pdftex.def)             Requested size: 455.24408pt x 152.57806pt.

LaTeX Warning: Citation 'Queiroz2016' on page 14 undefined on input line 74.


LaTeX Warning: Citation 'Queiroz2016' on page 14 undefined on input line 74.


Underfull \hbox (badness 10000) in paragraph at lines 74--74
[][]|\T1/ppl/m/n/10 Teil 3: Fea-tu-re-ba-sier-ter Pro-zess des über-wach-ten Ma
-chi-ne Lear-nings nach
 []

[14 <./images/ML2.png> <./images/ML3.png>])
\openout2 = `content/dataset.aux'.

 (content/dataset.tex
Kapitel 3.

Overfull \hbox (18.15205pt too wide) in paragraph at lines 6--8
\T1/ppl/m/n/10.95 lung des fea-tu-re-ba-sier-ten Da-ten-sets, wel-ches zur An-l
er-nung der Machine-Learning-Klassifikatoren
 []


Underfull \hbox (badness 10000) in paragraph at lines 6--8

 []


LaTeX Warning: Citation 'Hunsen2015' on page 15 undefined on input line 12.


LaTeX Warning: Citation 'Liebig2010' on page 15 undefined on input line 12.


LaTeX Warning: Citation 'Queiroz2016' on page 15 undefined on input line 12.


LaTeX Warning: Citation 'Spadini2018' on page 15 undefined on input line 42.


("C:\Users\stefa\AppData\Local\Programs\MiKTeX 2.9\tex/latex/listings\lstlang1.
sty"
File: lstlang1.sty 2019/09/10 1.8c listings language file
)
Package hyperref Info: bookmark level for unknown lstlisting defaults to 0 on i
nput line 44.
 [15




]
LaTeX Font Info:    Trying to load font information for TS1+ppl on input line 5
9.

("C:\Users\stefa\AppData\Local\Programs\MiKTeX 2.9\tex/latex/psnfss\ts1ppl.fd"
File: ts1ppl.fd 2001/06/04 font definitions for TS1/ppl.
) [16]

LaTeX Warning: No positions in optional float specifier.
               Default added (so using `tbp') on input line 103.


LaTeX Warning: No positions in optional float specifier.
               Default added (so using `tbp') on input line 134.

<images/Features.png, id=399, 963.6pt x 517.18219pt>
File: images/Features.png Graphic file (type png)
<use images/Features.png>
Package pdftex.def Info: images/Features.png  used on input line 136.
(pdftex.def)             Requested size: 455.24408pt x 244.3383pt.

LaTeX Warning: No positions in optional float specifier.
               Default added (so using `tbp') on input line 144.


LaTeX Warning: No positions in optional float specifier.
               Default added (so using `tbp') on input line 162.


LaTeX Warning: No positions in optional float specifier.
               Default added (so using `tbp') on input line 179.

[17] [18 <./images/Features.png>] [19] [20

])
\openout2 = `content/classifier.aux'.

 (content/classifier.tex
Kapitel 4.

Overfull \hbox (11.19789pt too wide) in paragraph at lines 6--8
 []\T1/ppl/b/n/10.95 Ausblick:[] \T1/ppl/m/n/10.95 Die-ses Ka-pi-tel gibt einen
 de-tail-lier-ten Ein-blick in das Trai-ning der Machine-Learning-
 []


Underfull \hbox (badness 10000) in paragraph at lines 6--8

 []


LaTeX Warning: Citation 'scikit' on page 21 undefined on input line 12.


LaTeX Warning: Citation 'scikit' on page 21 undefined on input line 12.


LaTeX Warning: Citation 'Queiroz2016' on page 21 undefined on input line 14.


LaTeX Warning: Citation 'Weka2016' on page 21 undefined on input line 14.


Overfull \hbox (31.11688pt too wide) in paragraph at lines 14--15
\T1/ppl/m/n/10.95 und Preprocessing-Tools zur Ver-wen-dung in-ner-halb ei-ner g
ra-fi-schen Be-nut-ze-ro-ber-flä-che [[]]. 
 []


LaTeX Warning: No positions in optional float specifier.
               Default added (so using `tbp') on input line 19.

[21



]

LaTeX Warning: Citation 'Rokach2005' on page 22 undefined on input line 41.


LaTeX Warning: Citation 'Rokach2005' on page 22 undefined on input line 41.


LaTeX Warning: Citation 'Rokach2005' on page 22 undefined on input line 41.


LaTeX Warning: Citation 'Rokach2005' on page 22 undefined on input line 41.


LaTeX Warning: Citation 'Rokach2005' on page 22 undefined on input line 41.


LaTeX Warning: No positions in optional float specifier.
               Default added (so using `tbp') on input line 43.

<images/DT.png, id=434, 416.30531pt x 386.94562pt>
File: images/DT.png Graphic file (type png)
<use images/DT.png>
Package pdftex.def Info: images/DT.png  used on input line 45.
(pdftex.def)             Requested size: 227.62204pt x 211.56903pt.

LaTeX Warning: Citation 'Alam2013' on page 22 undefined on input line 49.


LaTeX Warning: Citation 'Alam2013' on page 22 undefined on input line 49.


LaTeX Warning: Citation 'Alam2013' on page 22 undefined on input line 49.

[22 <./images/DT.png>]

LaTeX Warning: Citation 'Zhang2016' on page 23 undefined on input line 52.


LaTeX Warning: Citation 'Zhang2016' on page 23 undefined on input line 52.


LaTeX Warning: No positions in optional float specifier.
               Default added (so using `tbp') on input line 54.

<images/EUKLID.png, id=442, 146.04562pt x 45.92157pt>
File: images/EUKLID.png Graphic file (type png)
<use images/EUKLID.png>
Package pdftex.def Info: images/EUKLID.png  used on input line 56.
(pdftex.def)             Requested size: 182.09485pt x 57.26166pt.

LaTeX Warning: Citation 'Linder2004' on page 23 undefined on input line 61.


LaTeX Warning: Citation 'OShea2015' on page 23 undefined on input line 61.


LaTeX Warning: Citation 'Linder2004' on page 23 undefined on input line 61.


LaTeX Warning: Citation 'OShea2015' on page 23 undefined on input line 61.


LaTeX Warning: Citation 'Linder2004' on page 23 undefined on input line 61.


LaTeX Warning: Citation 'Linder2004' on page 23 undefined on input line 63.


LaTeX Warning: No positions in optional float specifier.
               Default added (so using `tbp') on input line 65.

<images/ANN.png, id=443, 569.12625pt x 542.025pt>
File: images/ANN.png Graphic file (type png)
<use images/ANN.png>
Package pdftex.def Info: images/ANN.png  used on input line 67.
(pdftex.def)             Requested size: 273.14922pt x 260.1525pt.

LaTeX Warning: Citation 'Raschka2014' on page 23 undefined on input line 74.


LaTeX Warning: Citation 'Raschka2014' on page 23 undefined on input line 74.


LaTeX Warning: No positions in optional float specifier.
               Default added (so using `tbp') on input line 76.

<images/NB.png, id=444, 837.1275pt x 342.5297pt>
File: images/NB.png Graphic file (type png)
<use images/NB.png>
Package pdftex.def Info: images/NB.png  used on input line 78.
(pdftex.def)             Requested size: 318.66946pt x 130.38737pt.
[23 <./images/EUKLID.png>] [24 <./images/ANN.png> <./images/NB.png>]

LaTeX Warning: Citation 'Peng2002' on page 25 undefined on input line 85.


LaTeX Warning: Citation 'Peng2002' on page 25 undefined on input line 85.


LaTeX Warning: Citation 'Bottou2010' on page 25 undefined on input line 90.


LaTeX Warning: Citation 'Tzotsos2006' on page 25 undefined on input line 94.

[25] [26

])
\openout2 = `content/evaluation.aux'.

 (content/evaluation.tex
Kapitel 5.

Underfull \hbox (badness 10000) in paragraph at lines 6--8

 []

[27



] [28

])
\openout2 = `content/conclusion.aux'.

 (content/conclusion.tex
Kapitel 6.

Underfull \hbox (badness 10000) in paragraph at lines 6--8

 []

[29



] [30

])
Overfull \hbox (0.57513pt too wide) in paragraph at lines 109--109
\T1/ppl/m/n/10.95 duct Li-nes. In: \T1/ppl/m/it/10.95 ACM Com-pu-ting Sur-veys
 \T1/ppl/m/n/10.95 47.1 (Ju-ni 2014), S. 145. \T1/ppl/m/sc/10.95 doi\T1/ppl/m/
n/10.95 : []$\T1/pcr/m/n/10.95 10 . 1145 / 2580950$[]\T1/ppl/m/n/10.95 . 
 []

[31


]
Anhang A.
[32

]
Anhang B.
Package atveryend Info: Empty hook `BeforeClearDocument' on input line 143.
[33

]
Package atveryend Info: Empty hook `AfterLastShipout' on input line 143.
 (thesis.aux (content/abstract.aux) (content/note.aux)
(content/introduction.aux) (content/background.aux) (content/dataset.aux)
(content/classifier.aux) (content/evaluation.aux) (content/conclusion.aux))
Package atveryend Info: Executing hook `AtVeryEndDocument' on input line 143.
Package atveryend Info: Executing hook `AtEndAfterFileList' on input line 143.
Package rerunfilecheck Info: File `thesis.out' has not changed.
(rerunfilecheck)             Checksum: F30DA8E261C7FE83BC6BC6EAAE521661;1957.


LaTeX Warning: There were undefined references.


LaTeX Warning: There were multiply-defined labels.


Package biblatex Warning: Please (re)run Biber on the file:
(biblatex)                thesis
(biblatex)                and rerun LaTeX afterwards.

Package logreq Info: Writing requests to 'thesis.run.xml'.
\openout1 = `thesis.run.xml'.

 ) 
Here is how much of TeX's memory you used:
 21305 strings out of 481565
 361168 string characters out of 2914179
 1253386 words of memory out of 3000000
 35936 multiletter control sequences out of 15000+200000
 573567 words of font info for 100 fonts, out of 3000000 for 9000
 1143 hyphenation exceptions out of 8191
 63i,18n,100p,1501b,3182s stack positions out of 5000i,500n,10000p,200000b,50000s
{C:/Users/stefa/AppData/Local/Programs/MiKTeX 2.9/fonts/enc/dvips/base/8r.enc
}<C:/Users/stefa/AppData/Local/Programs/MiKTeX 2.9/fonts/type1/public/amsfonts/
symbols/msam10.pfb><C:/Users/stefa/AppData/Local/Programs/MiKTeX 2.9/fonts/type
1/urw/courier/ucrr8a.pfb><C:/Users/stefa/AppData/Local/Programs/MiKTeX 2.9/font
s/type1/urw/helvetic/uhvr8a.pfb><C:/Users/stefa/AppData/Local/Programs/MiKTeX 2
.9/fonts/type1/urw/palatino/uplb8a.pfb><C:/Users/stefa/AppData/Local/Programs/M
iKTeX 2.9/fonts/type1/urw/palatino/uplr8a.pfb><C:/Users/stefa/AppData/Local/Pro
grams/MiKTeX 2.9/fonts/type1/urw/palatino/uplri8a.pfb>
Output written on thesis.pdf (43 pages, 558632 bytes).
PDF statistics:
 591 PDF objects out of 1000 (max. 8388607)
 152 named destinations out of 1000 (max. 500000)
 305 words of extra memory for PDF output out of 10000 (max. 10000000)

