\BOOKMARK [0][-]{chapter.1}{Einleitung und Motivation}{}% 1
\BOOKMARK [1][-]{section.1.1}{Forschungsziele und Forschungsfragen}{chapter.1}% 2
\BOOKMARK [1][-]{section.1.2}{Forschungsdesign}{chapter.1}% 3
\BOOKMARK [1][-]{section.1.3}{Zeitplanung}{chapter.1}% 4
\BOOKMARK [1][-]{section.1.4}{Aufbau der Arbeit}{chapter.1}% 5
\BOOKMARK [0][-]{chapter.2}{Hintergrund}{}% 6
\BOOKMARK [1][-]{section.2.1}{Featurebasierte Softwareentwicklung}{chapter.2}% 7
\BOOKMARK [1][-]{section.2.2}{Machine-Learning-Klassifikation}{chapter.2}% 8
\BOOKMARK [1][-]{section.2.3}{Fehlervorhersage mittels Machine Learning}{chapter.2}% 9
\BOOKMARK [0][-]{chapter.3}{Erstellung eines featurebasierten Datensets}{}% 10
\BOOKMARK [1][-]{section.3.1}{Datenauswahl}{chapter.3}% 11
\BOOKMARK [1][-]{section.3.2}{Konstruktion des Datensets}{chapter.3}% 12
\BOOKMARK [1][-]{section.3.3}{Metriken}{chapter.3}% 13
\BOOKMARK [0][-]{chapter.4}{Training und Test der Machine-Learning-Klassifikatoren}{}% 14
\BOOKMARK [1][-]{section.4.1}{Auswahl der Werkzeuge und Klassifikationsalgorithmen}{chapter.4}% 15
\BOOKMARK [1][-]{section.4.2}{Analyse des Testprozesses}{chapter.4}% 16
\BOOKMARK [0][-]{chapter.5}{Evaluation}{}% 17
\BOOKMARK [1][-]{section.5.1}{Herausforderungen und Limitationen}{chapter.5}% 18
\BOOKMARK [1][-]{section.5.2}{Vergleich der Klassifikatoren}{chapter.5}% 19
\BOOKMARK [2][-]{subsection.5.2.1}{Vergleichsmetriken}{section.5.2}% 20
\BOOKMARK [2][-]{subsection.5.2.2}{Ergebnisse \(TBD\)}{section.5.2}% 21
\BOOKMARK [1][-]{section.5.3}{Vergleich zu nicht-featurebasierten Methoden}{chapter.5}% 22
\BOOKMARK [0][-]{chapter.6}{Fazit}{}% 23
\BOOKMARK [1][-]{section.6.1}{Zusammenfassung und Erkenntnisse}{chapter.6}% 24
\BOOKMARK [1][-]{section.6.2}{Ausblick}{chapter.6}% 25
\BOOKMARK [0][-]{chapter*.55}{Literatur}{}% 26
\BOOKMARK [0][-]{appendix.A}{Links der f\374r die Erstellung des Datensets verwendeten Software-Projekte}{}% 27
\BOOKMARK [0][-]{appendix.B}{Test 2}{}% 28
